[Licensing::Module] Trying to connect to existing licensing client channel...
[Licensing::IpcConnector] Successfully connected to: "LicenseClient-lenovo" at "2026-06-27T20:28:51.9509922Z"
[Licensing::Client] Code 10 while verifying Licensing Client signature (process Id: 40776, path: "C:/Program Files/Unity/Hub/Editor/2022.3.62f3c1/Editor/Data/Resources/Licensing/Client/Unity.Licensing.Client.exe")
[Licensing::Module] LicensingClient has failed validation; ignoring
[Licensing::Client] Handshaking with LicensingClient:
  Version:                 1.16.2+bdef8f5
  Session Id:              2f5ecd2478224a9583cb94029cefcffd
  Correlation Id:          38a59ed334914e57cc6c8466c277b87c
  External correlation Id: 6047613251959159313
  Machine Id:              Rcmiz4rnf93su028pXkeG4q9tP0=
[Licensing::Module] Successfully connected to LicensingClient on channel: "LicenseClient-lenovo" (connect: 0.00s, validation: 0.01s, handshake: 0.04s)
[Licensing::IpcConnector] Successfully connected to: "LicenseClient-lenovo-notifications" at "2026-06-27T20:28:52.0068327Z"
[Licensing::Module] Error: Access token is unavailable; failed to update
[Licensing::Client] Successfully updated license
Built from '2022.3/china_unity/release' branch; Version is '2022.3.62f3c1 (1623fc0bbb97) revision 1451004'; Using compiler version '192829333'; Build Type 'Release'
OS: 'Windows 11  (10.0.26200) 64bit CoreCountrySpecific' Language: 'zh' Physical Memory: 32373 MB
[Licensing::Client] Successfully resolved entitlement details
[Licensing::Module] Serial number assigned to: "F4-U56T-YP5D-5BFH-ABEA-XXXX"
BatchMode: 1, IsHumanControllingUs: 0, StartBugReporterOnCrash: 0, Is64bit: 1, IsPro: 0
[Licensing::Client] Successfully resolved entitlement details

COMMAND LINE ARGUMENTS:
C:\Program Files\Unity\Hub\Editor\2022.3.62f3c1\Editor\Unity.exe
-batchmode
-quit
-projectPath
C:\Users\lenovo\Desktop\tank trouble\unity_tank_trouble
-executeMethod
TankTrouble.Editor.OutOfBoxSetup.SetupOutOfBoxProject
-logFile
C:\Users\lenovo\Desktop\tank trouble\unity_tank_trouble\unity_setup.log
Successfully changed project path to: C:\Users\lenovo\Desktop\tank trouble\unity_tank_trouble
C:/Users/lenovo/Desktop/tank trouble/unity_tank_trouble
[UnityMemory] Configuration Parameters - Can be set up in boot.config
    "memorysetup-bucket-allocator-granularity=16"
    "memorysetup-bucket-allocator-bucket-count=8"
    "memorysetup-bucket-allocator-block-size=33554432"
    "memorysetup-bucket-allocator-block-count=8"
    "memorysetup-main-allocator-block-size=16777216"
    "memorysetup-thread-allocator-block-size=16777216"
    "memorysetup-gfx-main-allocator-block-size=16777216"
    "memorysetup-gfx-thread-allocator-block-size=16777216"
    "memorysetup-cache-allocator-block-size=4194304"
    "memorysetup-typetree-allocator-block-size=2097152"
    "memorysetup-profiler-bucket-allocator-granularity=16"
    "memorysetup-profiler-bucket-allocator-bucket-count=8"
    "memorysetup-profiler-bucket-allocator-block-size=33554432"
    "memorysetup-profiler-bucket-allocator-block-count=8"
    "memorysetup-profiler-allocator-block-size=16777216"
    "memorysetup-profiler-editor-allocator-block-size=1048576"
    "memorysetup-temp-allocator-size-main=16777216"
    "memorysetup-job-temp-allocator-block-size=2097152"
    "memorysetup-job-temp-allocator-block-size-background=1048576"
    "memorysetup-job-temp-allocator-reduction-small-platforms=262144"
    "memorysetup-allocator-temp-initial-block-size-main=262144"
    "memorysetup-allocator-temp-initial-block-size-worker=262144"
    "memorysetup-temp-allocator-size-background-worker=32768"
    "memorysetup-temp-allocator-size-job-worker=262144"
    "memorysetup-temp-allocator-size-preload-manager=33554432"
    "memorysetup-temp-allocator-size-nav-mesh-worker=65536"
    "memorysetup-temp-allocator-size-audio-worker=65536"
    "memorysetup-temp-allocator-size-cloud-worker=32768"
    "memorysetup-temp-allocator-size-gi-baking-worker=262144"
    "memorysetup-temp-allocator-size-gfx=262144"
Player connection [75328]  Target information:

Player connection [75328]  * "[IP] 192.168.1.5 [Port] 55504 [Flags] 2 [Guid] 2852880715 [EditorId] 2852880715 [Version] 1048832 [Id] WindowsEditor(7,LAPTOP-169U7B86) [Debug] 1 [PackageName] WindowsEditor [ProjectName] Editor" 

Player connection [75328] Host joined multi-casting on [225.0.0.222:54997]...
Player connection [75328] Host joined alternative multi-casting on [225.0.0.222:34997]...
Input System module state changed to: Initialized.
[PhysX] Initialized MultithreadedTaskDispatcher with 22 workers.
[Package Manager] UpmClient::Connect -- Connected to IPC stream "Upm-67748" after 0.4 seconds.
[Package Manager] Restoring resolved packages state from cache
[Licensing::Client] Successfully resolved entitlement details
[Package Manager] Registered 18 packages:
  Packages from [https://packages.unity.cn]:
    com.unity.inputsystem@1.14.0 (location: C:\Users\lenovo\Desktop\tank trouble\unity_tank_trouble\Library\PackageCache\com.unity.inputsystem@1.14.0)
    com.unity.test-framework@1.1.33 (location: C:\Users\lenovo\Desktop\tank trouble\unity_tank_trouble\Library\PackageCache\com.unity.test-framework@1.1.33)
    com.unity.textmeshpro@3.0.7 (location: C:\Users\lenovo\Desktop\tank trouble\unity_tank_trouble\Library\PackageCache\com.unity.textmeshpro@3.0.7)
    com.unity.timeline@1.7.7 (location: C:\Users\lenovo\Desktop\tank trouble\unity_tank_trouble\Library\PackageCache\com.unity.timeline@1.7.7)
    com.unity.ext.nunit@1.0.6 (location: C:\Users\lenovo\Desktop\tank trouble\unity_tank_trouble\Library\PackageCache\com.unity.ext.nunit@1.0.6)
  Built-in packages:
    com.unity.2d.sprite@1.0.0 (location: C:\Users\lenovo\Desktop\tank trouble\unity_tank_trouble\Library\PackageCache\com.unity.2d.sprite@1.0.0)
    com.unity.2d.tilemap@1.0.0 (location: C:\Users\lenovo\Desktop\tank trouble\unity_tank_trouble\Library\PackageCache\com.unity.2d.tilemap@1.0.0)
    com.unity.ugui@1.0.0 (location: C:\Users\lenovo\Desktop\tank trouble\unity_tank_trouble\Library\PackageCache\com.unity.ugui@1.0.0)
    com.unity.modules.ui@1.0.0 (location: C:\Users\lenovo\Desktop\tank trouble\unity_tank_trouble\Library\PackageCache\com.unity.modules.ui@1.0.0)
    com.unity.modules.imgui@1.0.0 (location: C:\Users\lenovo\Desktop\tank trouble\unity_tank_trouble\Library\PackageCache\com.unity.modules.imgui@1.0.0)
    com.unity.modules.audio@1.0.0 (location: C:\Users\lenovo\Desktop\tank trouble\unity_tank_trouble\Library\PackageCache\com.unity.modules.audio@1.0.0)
    com.unity.modules.director@1.0.0 (location: C:\Users\lenovo\Desktop\tank trouble\unity_tank_trouble\Library\PackageCache\com.unity.modules.director@1.0.0)
    com.unity.modules.animation@1.0.0 (location: C:\Users\lenovo\Desktop\tank trouble\unity_tank_trouble\Library\PackageCache\com.unity.modules.animation@1.0.0)
    com.unity.modules.particlesystem@1.0.0 (location: C:\Users\lenovo\Desktop\tank trouble\unity_tank_trouble\Library\PackageCache\com.unity.modules.particlesystem@1.0.0)
    com.unity.modules.jsonserialize@1.0.0 (location: C:\Users\lenovo\Desktop\tank trouble\unity_tank_trouble\Library\PackageCache\com.unity.modules.jsonserialize@1.0.0)
    com.unity.modules.uielements@1.0.0 (location: C:\Users\lenovo\Desktop\tank trouble\unity_tank_trouble\Library\PackageCache\com.unity.modules.uielements@1.0.0)
    com.unity.modules.tilemap@1.0.0 (location: C:\Users\lenovo\Desktop\tank trouble\unity_tank_trouble\Library\PackageCache\com.unity.modules.tilemap@1.0.0)
    com.unity.modules.physics2d@1.0.0 (location: C:\Users\lenovo\Desktop\tank trouble\unity_tank_trouble\Library\PackageCache\com.unity.modules.physics2d@1.0.0)
[Subsystems] No new subsystems found in resolved package list.
Package Manager log level set to [2]
[Package Manager] Done registering packages in 0.10 seconds
Refreshing native plugins compatible for Editor in 2.00 ms, found 0 plugins.
Preloading 0 native plugins for Editor in 0.00 ms.
Initialize engine version: 2022.3.62f3c1 (1623fc0bbb97)
[Subsystems] Discovering subsystems at path C:/Program Files/Unity/Hub/Editor/2022.3.62f3c1/Editor/Data/Resources/UnitySubsystems
[Subsystems] Discovering subsystems at path C:/Users/lenovo/Desktop/tank trouble/unity_tank_trouble/Assets
GfxDevice: creating device client; threaded=0; jobified=0
Direct3D:
    Version:  Direct3D 11.0 [level 11.1]
    Renderer: NVIDIA GeForce RTX 4060 Laptop GPU (ID=0x28e0)
    Vendor:   NVIDIA
    VRAM:     7957 MB
    Driver:   32.0.15.6626
[Licensing::Client] Successfully resolved entitlement details
Initialize mono
Mono path[0] = 'C:/Program Files/Unity/Hub/Editor/2022.3.62f3c1/Editor/Data/Managed'
Mono path[1] = 'C:/Program Files/Unity/Hub/Editor/2022.3.62f3c1/Editor/Data/MonoBleedingEdge/lib/mono/unityjit-win32'
Mono config path = 'C:/Program Files/Unity/Hub/Editor/2022.3.62f3c1/Editor/Data/MonoBleedingEdge/etc'
Using monoOptions --debugger-agent=transport=dt_socket,embedding=1,server=y,suspend=n,address=127.0.0.1:56748
Using cacheserver namespaces - metadata:defaultmetadata, artifacts:defaultartifacts
Using cacheserver namespaces - metadata:defaultmetadata, artifacts:defaultartifacts
ImportWorker Server TCP listen port: 0
Begin MonoManager ReloadAssembly
Registering precompiled unity dll's ...
Register platform support module: C:/Program Files/Unity/Hub/Editor/2022.3.62f3c1/Editor/Data/PlaybackEngines/WebGLSupport/UnityEditor.WebGL.Extensions.dll
Register platform support module: C:/Program Files/Unity/Hub/Editor/2022.3.62f3c1/Editor/Data/PlaybackEngines/WindowsStandaloneSupport/UnityEditor.WindowsStandalone.Extensions.dll
Registered in 0.033851 seconds.
- Loaded All Assemblies, in  0.428 seconds
Native extension for WindowsStandalone target not found
Native extension for WebGL target not found
Mono: successfully reloaded assembly
- Finished resetting the current domain, in  0.225 seconds
Domain Reload Profiling: 646ms
	BeginReloadAssembly (151ms)
		ExecutionOrderSort (0ms)
		DisableScriptedObjects (0ms)
		BackupInstance (0ms)
		ReleaseScriptingObjects (0ms)
		CreateAndSetChildDomain (1ms)
	RebuildCommonClasses (32ms)
	RebuildNativeTypeToScriptingClass (7ms)
	initialDomainReloadingComplete (105ms)
	LoadAllAssembliesAndSetupDomain (126ms)
		LoadAssemblies (144ms)
		RebuildTransferFunctionScriptingTraits (0ms)
		AnalyzeDomain (123ms)
			TypeCache.Refresh (122ms)
				TypeCache.ScanAssembly (109ms)
			ScanForSourceGeneratedMonoScriptInfo (0ms)
			ResolveRequiredComponents (0ms)
	FinalizeReload (225ms)
		ReleaseScriptCaches (0ms)
		RebuildScriptCaches (0ms)
		SetupLoadedEditorAssemblies (186ms)
			LogAssemblyErrors (0ms)
			InitializePlatformSupportModulesInManaged (20ms)
			SetLoadedEditorAssemblies (4ms)
			RefreshPlugins (0ms)
			BeforeProcessingInitializeOnLoad (3ms)
			ProcessInitializeOnLoadAttributes (118ms)
			ProcessInitializeOnLoadMethodAttributes (42ms)
			AfterProcessingInitializeOnLoad (0ms)
			EditorAssembliesLoaded (0ms)
		ExecutionOrderSort2 (0ms)
		AwakeInstancesAfterBackupRestoration (0ms)
[Licensing::Client] Successfully resolved entitlement details
Application.AssetDatabase Initial Refresh Start
[ScriptCompilation] Requested script compilation because: Assetdatabase observed changes in script compilation related files
Starting: C:\Program Files\Unity\Hub\Editor\2022.3.62f3c1\Editor\Data\bee_backend.exe --ipc --defer-dag-verification --dagfile="Library/Bee/1900b0aE.dag" --continue-on-failure --profile="Library/Bee/backend1.traceevents" ScriptAssemblies
WorkingDir: C:/Users/lenovo/Desktop/tank trouble/unity_tank_trouble
DisplayProgressbar: Compiling Scripts
ExitCode: 4 Duration: 1s556ms
Rebuilding DAG because FileSignature timestamp changed: Library/Bee/1900b0aE-inputdata.json
[222/231    1s] Csc Library/Bee/artifacts/1900b0aE.dag/TankTrouble.dll (+2 others)
*** Tundra requires additional run (1.51 seconds), 1 items updated, 221 evaluated
Starting: C:\Program Files\Unity\Hub\Editor\2022.3.62f3c1\Editor\Data\Tools\netcorerun\netcorerun.exe "C:\Program Files\Unity\Hub\Editor\2022.3.62f3c1\Editor\Data\Tools\BuildPipeline\ScriptCompilationBuildProgram.exe" "Library/Bee/1900b0aE.dag.json" "Library/Bee/1900b0aE-inputdata.json" "Library\Bee\buildprogram0.traceevents"
WorkingDir: C:/Users/lenovo/Desktop/tank trouble/unity_tank_trouble
ExitCode: 0 Duration: 0s274ms
Starting: C:\Program Files\Unity\Hub\Editor\2022.3.62f3c1\Editor\Data\bee_backend.exe --ipc --defer-dag-verification --dagfile="Library/Bee/1900b0aE.dag" --continue-on-failure --dagfilejson="Library\Bee\1900b0aE.dag.json" --profile="Library/Bee/backend2.traceevents" ScriptAssemblies
WorkingDir: C:/Users/lenovo/Desktop/tank trouble/unity_tank_trouble
ExitCode: 0 Duration: 0s627ms
Finished compiling graph: 234 nodes, 2081 flattened edges (1893 ToBuild, 34 ToUse), maximum node priority 132
[223/231    0s] CopyFiles Library/ScriptAssemblies/TankTrouble.dll
[224/231    0s] CopyFiles Library/ScriptAssemblies/TankTrouble.pdb
[225/231    0s] Csc Library/Bee/artifacts/1900b0aE.dag/TankTrouble.Tests.dll (+2 others)
[226/231    0s] CopyFiles Library/ScriptAssemblies/TankTrouble.Tests.pdb
[227/231    0s] CopyFiles Library/ScriptAssemblies/TankTrouble.Tests.dll
[228/231    0s] Csc Library/Bee/artifacts/1900b0aE.dag/TankTrouble.Editor.dll (+2 others)
Assets\Editor\BuildValidation.cs(48,17): warning CS0162: Unreachable code detected

Assets\Editor\BuildValidation.cs(50,17): warning CS0162: Unreachable code detected

Assets\Editor\BuildValidation.cs(52,17): warning CS0162: Unreachable code detected

Assets\Editor\BuildValidation.cs(54,17): warning CS0162: Unreachable code detected
[229/231    0s] CopyFiles Library/ScriptAssemblies/TankTrouble.Editor.pdb
[230/231    0s] CopyFiles Library/ScriptAssemblies/TankTrouble.Editor.dll
*** Tundra build success (0.59 seconds), 8 items updated, 231 evaluated
Assets\Editor\BuildValidation.cs(48,17): warning CS0162: Unreachable code detected
Assets\Editor\BuildValidation.cs(50,17): warning CS0162: Unreachable code detected
Assets\Editor\BuildValidation.cs(52,17): warning CS0162: Unreachable code detected
Assets\Editor\BuildValidation.cs(54,17): warning CS0162: Unreachable code detected
AssetDatabase: script compilation time: 3.001826s
Begin MonoManager ReloadAssembly
- Loaded All Assemblies, in  0.945 seconds
Refreshing native plugins compatible for Editor in 1.37 ms, found 0 plugins.
Preloading 0 native plugins for Editor in 0.00 ms.
Start importing Assets/Scripts/AI/AiDifficultySettings.cs using Guid(803614abb33742d45904e74ab6562035) Importer(-1,00000000000000000000000000000000) [PhysX] Initialized MultithreadedTaskDispatcher with 22 workers.
 -> (artifact id: 'ae67721410a58cb69072ebf53ada9719') in 0.011332 seconds
Start importing Assets/Editor/OutOfBoxSetup.cs using Guid(0532c29403637604ba35212243b06e12) Importer(-1,00000000000000000000000000000000) [PhysX] Initialized MultithreadedTaskDispatcher with 22 workers.
 -> (artifact id: '8bd0b72086f6f2059c82f065dd05a342') in 0.004237 seconds
Start importing Assets/Scripts/UI/HudController.cs using Guid(06211211955c5b849a9c367c09ecfd53) Importer(-1,00000000000000000000000000000000) [PhysX] Initialized MultithreadedTaskDispatcher with 22 workers.
 -> (artifact id: '1434a95a1f37d068e912fcc7c679d82d') in 0.003394 seconds
Start importing Assets/Scripts/AI/AIController.cs using Guid(4c1f57970c385bb439a948e3d3c25c21) Importer(-1,00000000000000000000000000000000) [PhysX] Initialized MultithreadedTaskDispatcher with 22 workers.
 -> (artifact id: '74980e23cdeb455eb52af0f6df490454') in 0.003569 seconds
Start importing Assets/Scripts/Tests/AiRuleTests.cs using Guid(6d129321013b1cb41a33467b97569b88) Importer(-1,00000000000000000000000000000000) [PhysX] Initialized MultithreadedTaskDispatcher with 22 workers.
 -> (artifact id: 'c454465e25ba71bc2cc6754caf32cbd1') in 0.003716 seconds
Start importing Assets/Scripts/Entities/TankView.cs using Guid(9e6bdfff8a25fb041b9ceb69d4ae8801) Importer(-1,00000000000000000000000000000000) [PhysX] Initialized MultithreadedTaskDispatcher with 22 workers.
 -> (artifact id: '2f6841974d6eba98c160e16d19ce4ef2') in 0.003582 seconds
Refreshing native plugins compatible for Editor in 1.09 ms, found 0 plugins.
Native extension for WindowsStandalone target not found
Native extension for WebGL target not found
Mono: successfully reloaded assembly
- Finished resetting the current domain, in  0.397 seconds
Domain Reload Profiling: 1329ms
	BeginReloadAssembly (218ms)
		ExecutionOrderSort (0ms)
		DisableScriptedObjects (5ms)
		BackupInstance (0ms)
		ReleaseScriptingObjects (0ms)
		CreateAndSetChildDomain (26ms)
	RebuildCommonClasses (36ms)
	RebuildNativeTypeToScriptingClass (8ms)
	initialDomainReloadingComplete (53ms)
	LoadAllAssembliesAndSetupDomain (616ms)
		LoadAssemblies (722ms)
		RebuildTransferFunctionScriptingTraits (0ms)
		AnalyzeDomain (42ms)
			TypeCache.Refresh (33ms)
				TypeCache.ScanAssembly (28ms)
			ScanForSourceGeneratedMonoScriptInfo (6ms)
			ResolveRequiredComponents (2ms)
	FinalizeReload (398ms)
		ReleaseScriptCaches (0ms)
		RebuildScriptCaches (0ms)
		SetupLoadedEditorAssemblies (299ms)
			LogAssemblyErrors (0ms)
			InitializePlatformSupportModulesInManaged (16ms)
			SetLoadedEditorAssemblies (3ms)
			RefreshPlugins (0ms)
			BeforeProcessingInitializeOnLoad (64ms)
			ProcessInitializeOnLoadAttributes (162ms)
			ProcessInitializeOnLoadMethodAttributes (29ms)
			AfterProcessingInitializeOnLoad (25ms)
			EditorAssembliesLoaded (0ms)
		ExecutionOrderSort2 (0ms)
		AwakeInstancesAfterBackupRestoration (8ms)
Refreshing native plugins compatible for Editor in 1.59 ms, found 0 plugins.
Preloading 0 native plugins for Editor in 0.00 ms.
Asset Pipeline Refresh (id=dcc0b4986b08e1f4fb1ec13862f75db7): Total: 5.743 seconds - Initiated by InitialRefreshV2(ForceSynchronousImport)
	Summary:
		Imports: total=6 (actual=6, local cache=0, cache server=0)
		Asset DB Process Time: managed=2 ms, native=1204 ms
		Asset DB Callback time: managed=44 ms, native=6 ms
		Scripting: domain reloads=1, domain reload time=1430 ms, compile time=3003 ms, other=50 ms
		Project Asset Count: scripts=1881, non-scripts=524
		Asset File Changes: new=0, changed=6, moved=0, deleted=0
		Scan Filter Count: 0
	InvokeBeforeRefreshCallbacks: 2.278ms
	ApplyChangesToAssetFolders: 0.022ms
	Scan: 249.836ms
	OnSourceAssetsModified: 2.002ms
	GetAllGuidsForCategorization: 0.267ms
	CategorizeAssets: 24.610ms
	ImportOutOfDateAssets: 450.636ms (-2601.025ms without children)
		ImportManagerImport: 37.112ms (5.427ms without children)
			ImportInProcess: 31.638ms
			UpdateCategorizedAssets: 0.047ms
		CompileScripts: 3003.483ms
		ReloadNativeAssets: 0.001ms
		UnloadImportedAssets: 6.799ms
		ReloadImportedAssets: 3.038ms
		EnsureUptoDateAssetsAreRegisteredWithGuidPM: 0.695ms
		InitializingProgressBar: 0.007ms
		PostProcessAllAssetNotificationsAddChangedAssets: 0.001ms
		OnDemandSchedulerStart: 0.525ms
	PostProcessAllAssets: 44.668ms
	Hotreload: 2.292ms
	GatherAllCurrentPrimaryArtifactRevisions: 0.002ms
	UnloadStreamsBegin: 0.215ms
	PersistCurrentRevisions: 0.365ms
	UnloadStreamsEnd: 0.014ms
	GenerateScriptTypeHashes: 0.850ms
	Untracked: 4965.682ms
Application.AssetDatabase Initial Refresh End
Launched and connected shader compiler UnityShaderCompiler.exe after 0.06 seconds
Scanning for USB devices : 1.094ms
Initializing Unity extensions:
[Licensing::Client] Successfully resolved entitlement details
[MODES] ModeService[none].Initialize
[MODES] ModeService[none].LoadModes
[MODES] Loading mode Default (0) for mode-current-id-unity_tank_trouble
[PhysX] Initialized MultithreadedTaskDispatcher with 22 workers.
ProgressiveSceneManager::Cancel()
Unloading 3 Unused Serialized files (Serialized files now loaded: 0)
Unloading 36 unused Assets / (470.8 KB). Loaded Objects now: 2074.
Memory consumption went from 100.1 MB to 99.6 MB.
Total: 2.914500 ms (FindLiveObjects: 0.108700 ms CreateObjectMapping: 0.024300 ms MarkObjects: 2.539100 ms  DeleteObjects: 0.240200 ms)

Start importing Assets/Prefabs/Tank.prefab using Guid(995a26f947974da4da636057d939b033) Importer(-1,00000000000000000000000000000000) [PhysX] Initialized MultithreadedTaskDispatcher with 22 workers.
[PhysX] Initialized MultithreadedTaskDispatcher with 22 workers.
 -> (artifact id: 'e1d204f9d2ee8a6c1ad6b797d268e83c') in 0.007119 seconds
Refreshing native plugins compatible for Editor in 1.22 ms, found 0 plugins.
Preloading 0 native plugins for Editor in 0.00 ms.
Asset Pipeline Refresh (id=91f69ec8e6468384e9b71ad6055506d6): Total: 0.055 seconds - Initiated by StopAssetImportingV2(NoUpdateAssetOptions)
[PhysX] Initialized MultithreadedTaskDispatcher with 22 workers.
Unloading 2 Unused Serialized files (Serialized files now loaded: 0)
Unloading 20 unused Assets / (9.3 KB). Loaded Objects now: 2074.
Memory consumption went from 98.5 MB to 98.5 MB.
Total: 3.018000 ms (FindLiveObjects: 0.095100 ms CreateObjectMapping: 0.022000 ms MarkObjects: 2.846200 ms  DeleteObjects: 0.053700 ms)

Start importing Assets/Scenes/MainMenu.unity using Guid(dec3c11d24ad7d04c9582428267887f7) Importer(-1,00000000000000000000000000000000) [PhysX] Initialized MultithreadedTaskDispatcher with 22 workers.
 -> (artifact id: 'f45c77d0c01d7a4c1209762e55b472ad') in 0.001941 seconds
Refreshing native plugins compatible for Editor in 1.65 ms, found 0 plugins.
Preloading 0 native plugins for Editor in 0.00 ms.
Asset Pipeline Refresh (id=a0b1a030929013f42ba3314fb2123ecb): Total: 0.022 seconds - Initiated by StopAssetImportingV2(NoUpdateAssetOptions)
[PhysX] Initialized MultithreadedTaskDispatcher with 22 workers.
Unloading 2 Unused Serialized files (Serialized files now loaded: 0)
Unloading 18 unused Assets / (8.8 KB). Loaded Objects now: 2074.
Memory consumption went from 102.2 MB to 102.2 MB.
Total: 2.606700 ms (FindLiveObjects: 0.090500 ms CreateObjectMapping: 0.021100 ms MarkObjects: 2.439000 ms  DeleteObjects: 0.055100 ms)

Start importing Assets/Scenes/Game.unity using Guid(3106f663dbbf6a149819ca4441e5d781) Importer(-1,00000000000000000000000000000000) [PhysX] Initialized MultithreadedTaskDispatcher with 22 workers.
 -> (artifact id: '590327389bd802c4b7c532894df780d9') in 0.001447 seconds
Refreshing native plugins compatible for Editor in 1.36 ms, found 0 plugins.
Preloading 0 native plugins for Editor in 0.00 ms.
Asset Pipeline Refresh (id=294906e184d1289498fb6acdcf412a4d): Total: 0.020 seconds - Initiated by StopAssetImportingV2(NoUpdateAssetOptions)
Asset Pipeline Refresh (id=a0d5b9873092b7644b0b3dfa9d384596): Total: 0.024 seconds - Initiated by RefreshV2(NoUpdateAssetOptions)
Opening scene 'Assets/Scenes/MainMenu.unity'
[PhysX] Initialized MultithreadedTaskDispatcher with 22 workers.
Unloading 0 Unused Serialized files (Serialized files now loaded: 0)
Loaded scene 'Assets/Scenes/MainMenu.unity'
	Deserialize:            11.398 ms
	Integration:            14.494 ms
	Integration of assets:  0.362 ms
	Thread Wait Time:       -0.332 ms
	Total Operation Time:   25.921 ms
Unloading 10 unused Assets / (78.9 KB). Loaded Objects now: 2433.
Memory consumption went from 99.8 MB to 99.8 MB.
Total: 3.159200 ms (FindLiveObjects: 0.134600 ms CreateObjectMapping: 0.024800 ms MarkObjects: 2.890600 ms  DeleteObjects: 0.108200 ms)

Tank Trouble out-of-the-box setup completed. Project validation passed.
UnityEngine.StackTraceUtility:ExtractStackTrace ()
UnityEngine.DebugLogHandler:LogFormat (UnityEngine.LogType,UnityEngine.Object,string,object[])
UnityEngine.Logger:Log (UnityEngine.LogType,object)
UnityEngine.Debug:Log (object)
TankTrouble.Editor.OutOfBoxSetup:SetupProject (bool) (at Assets/Editor/OutOfBoxSetup.cs:69)
TankTrouble.Editor.OutOfBoxSetup:SetupOutOfBoxProject () (at Assets/Editor/OutOfBoxSetup.cs:39)

(Filename: Assets/Editor/OutOfBoxSetup.cs Line: 69)

Batchmode quit successfully invoked - shutting down!
Curl error 42: Callback aborted
[PhysX] Initialized MultithreadedTaskDispatcher with 22 workers.
Input System module state changed to: ShutdownInProgress.
Input System polling thread exited.
Input System module state changed to: Shutdown.
[Licensing::IpcConnector] LicenseClient-lenovo-notifications channel disconnected successfully.
[Licensing::IpcConnector] LicenseClient-lenovo channel disconnected successfully.
Cleanup mono
[Performance] WinEditorMain                                                                                                  :        1 samples, Peak.   860 ms (1.0x), Avg.   860 ms, Total. 860.3 ms (8.6%)
[Performance] WinEditorMain.ConfigureCrashHandler                                                                            :        1 samples, Peak.  20.2 us (1.0x), Avg.  20.2 us, Total. 20.20 us (0.0%)
[Performance] WinEditorMain.CurlRequestInitialize                                                                            :        1 samples, Peak.  1.11 ms (1.0x), Avg.  1.11 ms, Total. 1.114 ms (0.0%)
[Performance] WinEditorMain.SetupLogFile                                                                                     :        1 samples, Peak.  1.24 ms (1.0x), Avg.  1.24 ms, Total. 1.235 ms (0.0%)
[Performance] WinEditorMain.RunNativeTestsIfRequiredAndExit                                                                  :        1 samples, Peak.   200 ns (1.0x), Avg.   200 ns, Total. 200.0 ns (0.0%)
[Performance] WinEditorMain.Licensing                                                                                        :        1 samples, Peak.   833 ms (1.0x), Avg.   833 ms, Total. 832.9 ms (8.4%)
[Performance] WinEditorMain.InitializeCrashHandler                                                                           :        1 samples, Peak.  19.8 ms (1.0x), Avg.  19.8 ms, Total. 19.81 ms (0.2%)
[Performance] WinEditorMain.CreateApplication                                                                                :        1 samples, Peak.   208 us (1.0x), Avg.   208 us, Total. 208.5 us (0.0%)
[Performance] Application.InitializeProject                                                                                  :        1 samples, Peak.  8.36 s (1.0x), Avg.  8.36 s, Total. 8.357 s (84.0%)
[Performance] Application.PackageManager.StartServer                                                                         :        1 samples, Peak.  37.1 ms (1.0x), Avg.  37.1 ms, Total. 37.09 ms (0.4%)
[Performance] Application.AcquireProjectLock                                                                                 :        1 samples, Peak.  10.5 ms (1.0x), Avg.  10.5 ms, Total. 10.51 ms (0.1%)
[Performance] Application.InitializeEngineNoGraphics                                                                         :        1 samples, Peak.  52.7 ms (1.0x), Avg.  52.7 ms, Total. 52.73 ms (0.5%)
[Performance] Application.PackageManager.Initialize                                                                          :        1 samples, Peak.   370 ms (1.0x), Avg.   370 ms, Total. 370.2 ms (3.7%)
[Performance] Connecting to Package Manager                                                                                  :       38 samples, Peak.  87.5 us (19.3x), Avg.  4.53 us, Total. 172.0 us (0.0%)
[Performance] Application.EngineGraphics.Initialize                                                                          :        1 samples, Peak.   238 ms (1.0x), Avg.   238 ms, Total. 237.8 ms (2.4%)
[Performance] Application.GI.Initialize                                                                                      :        1 samples, Peak.  4.79 ms (1.0x), Avg.  4.79 ms, Total. 4.793 ms (0.0%)
[Performance] Application.LoadAllDefaultResourcesFromEditor                                                                  :        1 samples, Peak.  1.68 ms (1.0x), Avg.  1.68 ms, Total. 1.682 ms (0.0%)
[Performance] Application.LoadMonoAssemblies                                                                                 :        1 samples, Peak.   687 ms (1.0x), Avg.   687 ms, Total. 686.6 ms (6.9%)
[Performance] RestoreManagedReferences                                                                                       :        2 samples, Peak.  35.4 ms (2.0x), Avg.  17.7 ms, Total. 35.39 ms (0.4%)
[Performance] InitializeOnLoad DrivenRectTransformUndo                                                                       :        2 samples, Peak.   417 us (1.1x), Avg.   376 us, Total. 751.2 us (0.0%)
[Performance] InitializeOnLoad SceneSearch                                                                                   :        2 samples, Peak.   121 us (1.1x), Avg.   109 us, Total. 218.0 us (0.0%)
[Performance] InitializeOnLoad CloudBuild                                                                                    :        2 samples, Peak.  4.60 us (1.3x), Avg.  3.65 us, Total. 7.300 us (0.0%)
[Performance] InitializeOnLoad NativeFormatImporterUtility                                                                   :        2 samples, Peak.  2.46 ms (1.2x), Avg.  2.10 ms, Total. 4.190 ms (0.0%)
[Performance] InitializeOnLoad SearchService                                                                                 :        2 samples, Peak.   151 us (1.2x), Avg.   128 us, Total. 255.1 us (0.0%)
[Performance] InitializeOnLoad SettingsService                                                                               :        2 samples, Peak.  11.3 us (1.4x), Avg.  8.35 us, Total. 16.70 us (0.0%)
[Performance] InitializeOnLoad WindowLayout                                                                                  :        2 samples, Peak.   666 us (1.0x), Avg.   659 us, Total. 1.318 ms (0.0%)
[Performance] InitializeOnLoad AssetStoreContext                                                                             :        2 samples, Peak.  22.2 ms (1.0x), Avg.  21.3 ms, Total. 42.69 ms (0.4%)
[Performance] InitializeOnLoad PoolManager                                                                                   :        2 samples, Peak.   550 us (1.0x), Avg.   530 us, Total. 1.059 ms (0.0%)
[Performance] InitializeOnLoad MixerEffectDefinitionReloader                                                                 :        2 samples, Peak.  2.14 ms (1.2x), Avg.  1.80 ms, Total. 3.605 ms (0.0%)
[Performance] InitializeOnLoad ProjectSearch                                                                                 :        2 samples, Peak.   166 us (1.6x), Avg.   106 us, Total. 212.3 us (0.0%)
[Performance] InitializeOnLoad UISystemProfilerRenderService                                                                 :        2 samples, Peak.  19.9 us (1.5x), Avg.  13.2 us, Total. 26.40 us (0.0%)
[Performance] InitializeOnLoad EditMode                                                                                      :        2 samples, Peak.   619 us (1.3x), Avg.   492 us, Total. 984.5 us (0.0%)
[Performance] InitializeOnLoad UnityConnect                                                                                  :        2 samples, Peak.  64.7 us (1.2x), Avg.  52.7 us, Total. 105.4 us (0.0%)
[Performance] InitializeOnLoad ManagedDebugger                                                                               :        2 samples, Peak.   808 us (1.2x), Avg.   702 us, Total. 1.404 ms (0.0%)
[Performance] InitializeOnLoad ShortcutIntegration                                                                           :        2 samples, Peak.   139 us (1.4x), Avg.  97.7 us, Total. 195.4 us (0.0%)
[Performance] InitializeOnLoad AddComponentWindow                                                                            :        2 samples, Peak.   109 us (1.1x), Avg.   104 us, Total. 207.0 us (0.0%)
[Performance] InitializeOnLoad ManagedDebuggerWindow                                                                         :        2 samples, Peak.   111 us (1.0x), Avg.   108 us, Total. 216.2 us (0.0%)
[Performance] InitializeOnLoad CacheServerWindow                                                                             :        2 samples, Peak.  8.60 us (1.2x), Avg.  6.90 us, Total. 13.80 us (0.0%)
[Performance] InitializeOnLoad PlayModeDownload                                                                              :        2 samples, Peak.  4.37 ms (1.9x), Avg.  2.27 ms, Total. 4.530 ms (0.0%)
[Performance] InitializeOnLoad MenuItems                                                                                     :        2 samples, Peak.  94.8 us (1.1x), Avg.  83.8 us, Total. 167.5 us (0.0%)
[Performance] InitializeOnLoad PrefabInstanceChangedListener                                                                 :        2 samples, Peak.   109 us (1.0x), Avg.   108 us, Total. 216.9 us (0.0%)
[Performance] InitializeOnLoad ObjectSelectorSearch                                                                          :        2 samples, Peak.  59.7 us (1.0x), Avg.  58.4 us, Total. 116.8 us (0.0%)
[Performance] InitializeOnLoad EditorMonitor                                                                                 :        2 samples, Peak.   550 us (1.2x), Avg.   448 us, Total. 895.9 us (0.0%)
[Performance] InitializeOnLoad RetainedMode                                                                                  :        2 samples, Peak.  2.27 ms (1.1x), Avg.  2.13 ms, Total. 4.258 ms (0.0%)
[Performance] InitializeOnLoad EditorShaderLoader                                                                            :        2 samples, Peak.   568 us (1.0x), Avg.   557 us, Total. 1.113 ms (0.0%)
[Performance] InitializeOnLoad EditorDelegateRegistration                                                                    :        2 samples, Peak.   421 us (1.1x), Avg.   392 us, Total. 783.6 us (0.0%)
[Performance] InitializeOnLoad UIDocumentHierarchyWatcher                                                                    :        2 samples, Peak.  67.2 us (1.0x), Avg.  65.1 us, Total. 130.2 us (0.0%)
[Performance] InitializeOnLoad LiveReloadTrackerCreator                                                                      :        2 samples, Peak.   200 us (1.3x), Avg.   160 us, Total. 319.1 us (0.0%)
[Performance] InitializeOnLoad UxmlObjectEditorFactories                                                                     :        2 samples, Peak.   615 us (1.3x), Avg.   472 us, Total. 943.8 us (0.0%)
[Performance] InitializeOnLoad UXMLEditorFactories                                                                           :        2 samples, Peak.  58.6 ms (1.1x), Avg.  53.1 ms, Total. 106.3 ms (1.1%)
[Performance] InitializeOnLoad PurchasingService                                                                             :        2 samples, Peak.  5.93 ms (1.0x), Avg.  5.76 ms, Total. 11.53 ms (0.1%)
[Performance] InitializeOnLoad CloudBuildPoller                                                                              :        2 samples, Peak.  95.9 us (1.0x), Avg.  94.0 us, Total. 188.1 us (0.0%)
[Performance] InitializeOnLoad EditorGameServicesAnalytics                                                                   :        2 samples, Peak.  2.22 ms (1.5x), Avg.  1.48 ms, Total. 2.960 ms (0.0%)
[Performance] InitializeOnLoad AnalyticsService                                                                              :        2 samples, Peak.   140 us (1.0x), Avg.   138 us, Total. 275.8 us (0.0%)
[Performance] InitializeOnLoad BuildService                                                                                  :        2 samples, Peak.   193 us (1.3x), Avg.   150 us, Total. 299.9 us (0.0%)
[Performance] InitializeOnLoad AdsService                                                                                    :        2 samples, Peak.   310 us (1.0x), Avg.   303 us, Total. 605.3 us (0.0%)
[Performance] InitializeOnLoad UDPService                                                                                    :        2 samples, Peak.   156 us (1.2x), Avg.   132 us, Total. 263.3 us (0.0%)
[Performance] InitializeOnLoad CrashService                                                                                  :        2 samples, Peak.   125 us (1.1x), Avg.   111 us, Total. 221.6 us (0.0%)
[Performance] InitializeOnLoad ServicesRepository                                                                            :        2 samples, Peak.  2.30 us (1.0x), Avg.  2.20 us, Total. 4.400 us (0.0%)
[Performance] InitializeOnLoad SearchWindow                                                                                  :        2 samples, Peak.   113 us (1.1x), Avg.   102 us, Total. 204.8 us (0.0%)
[Performance] InitializeOnLoad CustomIndexers                                                                                :        2 samples, Peak.  15.8 ms (1.2x), Avg.  13.6 ms, Total. 27.22 ms (0.3%)
[Performance] InitializeOnLoad SearchMonitor                                                                                 :        2 samples, Peak.  1.99 ms (1.4x), Avg.  1.38 ms, Total. 2.759 ms (0.0%)
[Performance] InitializeOnLoad ParameterControllerEditor                                                                     :        2 samples, Peak.  18.1 us (1.0x), Avg.  17.7 us, Total. 35.40 us (0.0%)
[Performance] InitializeOnLoad LayerSettingsWindow                                                                           :        2 samples, Peak.  31.1 us (1.8x), Avg.  17.3 us, Total. 34.60 us (0.0%)
[Performance] InitializeOnLoad PackageManagerHookGUIDConverter.RegisterPackagesEventHandler                                  :        2 samples, Peak.   900 us (1.7x), Avg.   528 us, Total. 1.056 ms (0.0%)
[Performance] InitializeOnLoad EditorDragAndDrop.RegisterEditorClient                                                        :        2 samples, Peak.   282 us (1.1x), Avg.   254 us, Total. 507.6 us (0.0%)
[Performance] InitializeOnLoad EditorEventCallbacks.InitializeFontAssetResourceChangeCallBacks                               :        2 samples, Peak.  1.24 ms (1.1x), Avg.  1.11 ms, Total. 2.210 ms (0.0%)
[Performance] InitializeOnLoad SceneTemplateService.Init                                                                     :        2 samples, Peak.   987 us (1.1x), Avg.   940 us, Total. 1.879 ms (0.0%)
[Performance] InitializeOnLoad DiagnosticSwitchesConsoleMessage.Init                                                         :        2 samples, Peak.  5.68 ms (1.8x), Avg.  3.13 ms, Total. 6.264 ms (0.1%)
[Performance] InitializeOnLoad MemoryProfilerCompilationGuard.InjectCompileGuard                                             :        2 samples, Peak.   184 us (1.1x), Avg.   163 us, Total. 326.6 us (0.0%)
[Performance] InitializeOnLoad EditorWindow.Initialize                                                                       :        2 samples, Peak.   208 us (1.0x), Avg.   206 us, Total. 412.1 us (0.0%)
[Performance] InitializeOnLoad AssetPostprocessingInternal.RefreshCustomDependencies                                         :        2 samples, Peak.  3.88 ms (1.7x), Avg.  2.28 ms, Total. 4.556 ms (0.0%)
[Performance] InitializeOnLoad SysrootManager.Initialize                                                                     :        2 samples, Peak.  16.6 us (1.1x), Avg.  15.0 us, Total. 30.00 us (0.0%)
[Performance] InitializeOnLoad PackageManagerWindow.EditorInitializedInSafeMode                                              :        2 samples, Peak.  22.6 ms (2.0x), Avg.  11.3 ms, Total. 22.69 ms (0.2%)
[Performance] InitializeOnLoad ToolShortcutContext.Init                                                                      :        2 samples, Peak.   115 us (1.1x), Avg.   106 us, Total. 211.4 us (0.0%)
[Performance] InitializeOnLoad SceneVisibilityManager.Initialize                                                             :        2 samples, Peak.  4.49 ms (1.8x), Avg.  2.56 ms, Total. 5.119 ms (0.1%)
[Performance] InitializeOnLoad ScopedRegistryAddedPopup.SubscribeToRegistriesAdded                                           :        2 samples, Peak.  10.3 ms (2.0x), Avg.  5.18 ms, Total. 10.36 ms (0.1%)
[Performance] AssemblyReloadEvents.afterAssemblyReload: UnityEditor.SceneTemplate.SceneTemplateService.AfterAssemblyReload   :        2 samples, Peak.  4.12 ms (1.9x), Avg.  2.21 ms, Total. 4.422 ms (0.0%)
[Performance] ProcessService.EditorAfterLoadAllAssemblies                                                                    :        2 samples, Peak.   278 us (1.0x), Avg.   266 us, Total. 531.5 us (0.0%)
[Performance] Application.ReadLicenseInfo                                                                                    :        1 samples, Peak.  24.4 ms (1.0x), Avg.  24.4 ms, Total. 24.42 ms (0.2%)
[Performance] Application.InitialRefresh                                                                                     :        1 samples, Peak.  5.74 s (1.0x), Avg.  5.74 s, Total. 5.744 s (57.7%)
[Performance] ShaderImporter.SourceAssetModified                                                                             :        5 samples, Peak.  1000 ns (1.2x), Avg.   860 ns, Total. 4.300 us (0.0%)
[Performance] ShaderIncludeImporter.SourceAssetModified                                                                      :        5 samples, Peak.  1.20 us (1.2x), Avg.  1.02 us, Total. 5.100 us (0.0%)
[Performance] Compiling Scripts                                                                                              :        1 samples, Peak.  3.00 s (1.0x), Avg.  3.00 s, Total. 3.002 s (30.2%)
[Performance] AssemblyReloadEvents.beforeAssemblyReload: UnityEditor.SceneTemplate.SceneTemplateService.BeforeAssemblyReload :        1 samples, Peak.   452 us (1.0x), Avg.   452 us, Total. 451.6 us (0.0%)
[Performance] PresetManagerPostProcessor.OnPreprocessAsset                                                                   :        9 samples, Peak.   899 us (8.2x), Avg.   110 us, Total. 989.4 us (0.0%)
[Performance] CancelSplashScreenOnAssetChange.OnPreprocessAsset                                                              :        9 samples, Peak.   112 us (7.7x), Avg.  14.5 us, Total. 130.7 us (0.0%)
[Performance] InitializeOnLoad InputSystem                                                                                   :        1 samples, Peak.  38.5 ms (1.0x), Avg.  38.5 ms, Total. 38.50 ms (0.4%)
[Performance] InitializeOnLoad EnableUITKEditor                                                                              :        1 samples, Peak.  24.0 us (1.0x), Avg.  24.0 us, Total. 24.00 us (0.0%)
[Performance] InitializeOnLoad TouchSimulation                                                                               :        1 samples, Peak.   114 us (1.0x), Avg.   114 us, Total. 114.3 us (0.0%)
[Performance] InitializeOnLoad InputSystemUIInputModuleEditor                                                                :        1 samples, Peak.  95.2 us (1.0x), Avg.  95.2 us, Total. 95.20 us (0.0%)
[Performance] InitializeOnLoad OutOfBoxSetup                                                                                 :        1 samples, Peak.   179 us (1.0x), Avg.   179 us, Total. 179.3 us (0.0%)
[Performance] InitializeOnLoad PrefabLayoutRebuilder                                                                         :        1 samples, Peak.   196 us (1.0x), Avg.   196 us, Total. 196.2 us (0.0%)
[Performance] InitializeOnLoad SpriteEditorWindow                                                                            :        1 samples, Peak.   302 us (1.0x), Avg.   302 us, Total. 302.0 us (0.0%)
[Performance] InitializeOnLoad BackgroundWatcher                                                                             :        1 samples, Peak.   104 us (1.0x), Avg.   104 us, Total. 103.7 us (0.0%)
[Performance] InitializeOnLoad UnityTestProtocolStarter                                                                      :        1 samples, Peak.   541 us (1.0x), Avg.   541 us, Total. 541.1 us (0.0%)
[Performance] InitializeOnLoad TestStarter                                                                                   :        1 samples, Peak.  1.24 ms (1.0x), Avg.  1.24 ms, Total. 1.238 ms (0.0%)
[Performance] InitializeOnLoad RerunCallbackInitializer                                                                      :        1 samples, Peak.  4.20 ms (1.0x), Avg.  4.20 ms, Total. 4.202 ms (0.0%)
[Performance] InitializeOnLoad TestJobDataHolder.ResumeRunningJobs                                                           :        1 samples, Peak.  1.23 ms (1.0x), Avg.  1.23 ms, Total. 1.231 ms (0.0%)
[Performance] InitializeOnLoad AnalyticsReporter.RegisterCallbacks                                                           :        1 samples, Peak.   226 us (1.0x), Avg.   226 us, Total. 225.9 us (0.0%)
[Performance] InitializeOnLoad SceneViewGridManager.Initialize                                                               :        1 samples, Peak.  6.14 ms (1.0x), Avg.  6.14 ms, Total. 6.142 ms (0.1%)
[Performance] InitializeOnLoad TilemapPrefabStageHelper.Initialize                                                           :        1 samples, Peak.  1.77 ms (1.0x), Avg.  1.77 ms, Total. 1.766 ms (0.0%)
[Performance] InitializeOnLoad SceneViewOpenTilePaletteHelper.Initialize                                                     :        1 samples, Peak.   987 us (1.0x), Avg.   987 us, Total. 986.6 us (0.0%)
[Performance] InitializeOnLoad TileDragAndDropManager.Initialize                                                             :        1 samples, Peak.   715 us (1.0x), Avg.   715 us, Total. 714.7 us (0.0%)
[Performance] InitializeOnLoad InputSystemPackageControl.SubscribePackageManagerEvent                                        :        1 samples, Peak.   143 us (1.0x), Avg.   143 us, Total. 142.6 us (0.0%)
[Performance] InitializeOnLoad InputSystemPluginControl.CheckForExtension                                                    :        1 samples, Peak.  1.57 ms (1.0x), Avg.  1.57 ms, Total. 1.570 ms (0.0%)
[Performance] DidReloadScriptsTestRunnerWindow.CompilationCallback                                                           :        1 samples, Peak.  1.00 ms (1.0x), Avg.  1.00 ms, Total. 1.003 ms (0.0%)
[Performance] DidReloadScriptsTestListCache.ScriptReloaded                                                                   :        1 samples, Peak.  1.45 ms (1.0x), Avg.  1.45 ms, Total. 1.449 ms (0.0%)
[Performance] DidReloadScriptsAdvancedDropdownWindow.OnScriptReload                                                          :        2 samples, Peak.   216 us (1.2x), Avg.   178 us, Total. 356.5 us (0.0%)
[Performance] AssetDatabase.ImportAssets                                                                                     :       12 samples, Peak.  3.10 us (3.4x), Avg.   925 ns, Total. 11.10 us (0.0%)
[Performance] VersionControl.Task.Wait                                                                                       :        1 samples, Peak.  13.0 us (1.0x), Avg.  13.0 us, Total. 13.00 us (0.0%)
[Performance] TMPro_TexturePostProcessor.OnPostprocessAllAssets                                                              :        8 samples, Peak.   673 us (4.2x), Avg.   162 us, Total. 1.298 ms (0.0%)
[Performance] BuilderAssetPostprocessor.OnPostprocessAllAssets                                                               :        8 samples, Peak.  2.37 ms (3.9x), Avg.   607 us, Total. 4.857 ms (0.0%)
[Performance] ArtifactBrowserPostProcessor.OnPostprocessAllAssets                                                            :        8 samples, Peak.   461 us (3.9x), Avg.   117 us, Total. 939.7 us (0.0%)
[Performance] AssetEvents.OnPostprocessAllAssets                                                                             :       16 samples, Peak.   251 us (6.0x), Avg.  41.8 us, Total. 668.4 us (0.0%)
[Performance] AudioMixerPostprocessor.OnPostprocessAllAssets                                                                 :        8 samples, Peak.   380 us (3.9x), Avg.  96.5 us, Total. 772.1 us (0.0%)
[Performance] StyleCatalogPostProcessor.OnPostprocessAllAssets                                                               :        8 samples, Peak.  17.4 ms (4.0x), Avg.  4.35 ms, Total. 34.76 ms (0.3%)
[Performance] BuildCatalog                                                                                                   :        1 samples, Peak.  16.3 ms (1.0x), Avg.  16.3 ms, Total. 16.27 ms (0.2%)
[Performance] ModelImporterPostProcessor.OnPostprocessAllAssets                                                              :        8 samples, Peak.  1.58 ms (3.9x), Avg.   404 us, Total. 3.232 ms (0.0%)
[Performance] RetainedModeAssetPostprocessor.OnPostprocessAllAssets                                                          :        8 samples, Peak.  3.03 ms (4.0x), Avg.   767 us, Total. 6.134 ms (0.1%)
[Performance] AssetChangedListener.OnPostprocessAllAssets                                                                    :        8 samples, Peak.  1.64 ms (3.9x), Avg.   421 us, Total. 3.364 ms (0.0%)
[Performance] SpeedTreePostProcessor.OnPostprocessAllAssets                                                                  :        8 samples, Peak.   261 us (3.8x), Avg.  68.6 us, Total. 548.9 us (0.0%)
[Performance] TextAssetPostProcessor.OnPostprocessAllAssets                                                                  :        8 samples, Peak.   450 us (3.9x), Avg.   116 us, Total. 924.7 us (0.0%)
[Performance] AssetProcessor.OnPostprocessAllAssets                                                                          :       24 samples, Peak.  1.02 ms (5.7x), Avg.   179 us, Total. 4.294 ms (0.0%)
[Performance] SpriteEditorTexturePostprocessor.OnPostprocessAllAssets                                                        :        8 samples, Peak.   233 us (2.8x), Avg.  83.7 us, Total. 669.3 us (0.0%)
[Performance] InputActionAssetPostprocessor.OnPostprocessAllAssets                                                           :        8 samples, Peak.   380 us (3.9x), Avg.  98.4 us, Total. 787.2 us (0.0%)
[Performance] InputActionJsonNameModifierAssetProcessor.OnPostprocessAllAssets                                               :        8 samples, Peak.  70.4 us (3.4x), Avg.  20.6 us, Total. 164.6 us (0.0%)
[Performance] ProjectSettingsPostprocessor.OnPostprocessAllAssets                                                            :        8 samples, Peak.   230 us (3.7x), Avg.  61.9 us, Total. 495.0 us (0.0%)
[Performance] SyncVS.PostprocessSyncProject                                                                                  :        4 samples, Peak.  1.40 ms (3.7x), Avg.   382 us, Total. 1.528 ms (0.0%)
[Performance] Application.ImportPackagesAndSetTemplateWhenCreatingProject                                                    :        1 samples, Peak.  13.2 ms (1.0x), Avg.  13.2 ms, Total. 13.23 ms (0.1%)
[Performance] Application.SyncCurrentColorSpace                                                                              :        1 samples, Peak.   128 ms (1.0x), Avg.   128 ms, Total. 128.2 ms (1.3%)
[Performance] Application.OnUsbDevicesChanged                                                                                :        1 samples, Peak.  1.17 ms (1.0x), Avg.  1.17 ms, Total. 1.171 ms (0.0%)
[Performance] Application.AssetInstanceCacheUpdate                                                                           :        1 samples, Peak.   600 ns (1.0x), Avg.   600 ns, Total. 600.0 ns (0.0%)
[Performance] Application.UnityExtensions.Initialize                                                                         :        1 samples, Peak.  1.38 ms (1.0x), Avg.  1.38 ms, Total. 1.380 ms (0.0%)
[Performance] CodeEditorProjectSync.SyncEditorProject                                                                        :        1 samples, Peak.   118 us (1.0x), Avg.   118 us, Total. 117.8 us (0.0%)
[Performance] Application.ExecuteStartups                                                                                    :        1 samples, Peak.  76.5 ms (1.0x), Avg.  76.5 ms, Total. 76.46 ms (0.8%)
[Performance] Menu.RegisterMenuInterface                                                                                     :       26 samples, Peak.  1.10 us (6.2x), Avg.   177 ns, Total. 4.600 us (0.0%)
[Performance] Gizmo.RebuildRenderers                                                                                         :        1 samples, Peak.  74.9 ms (1.0x), Avg.  74.9 ms, Total. 74.91 ms (0.8%)
[Performance] Gizmo.AddGizmoRenderers                                                                                        :       37 samples, Peak.  1.72 ms (27.0x), Avg.  63.8 us, Total. 2.360 ms (0.0%)
[Performance] Application.editorInitializingProject                                                                          :        1 samples, Peak.   495 ms (1.0x), Avg.   495 ms, Total. 494.6 ms (5.0%)
[Performance] Application.InitializeMenu                                                                                     :        1 samples, Peak.  99.3 ms (1.0x), Avg.  99.3 ms, Total. 99.34 ms (1.0%)
[Performance] Menu.RebuildAll                                                                                                :        1 samples, Peak.  99.3 ms (1.0x), Avg.  99.3 ms, Total. 99.32 ms (1.0%)
[Performance] Menu.BuildRegisteredMenuInterfaces                                                                             :        1 samples, Peak.  88.6 ms (1.0x), Avg.  88.6 ms, Total. 88.59 ms (0.9%)
[Performance] Menu.FilterMenuItem                                                                                            :      575 samples, Peak.  31.2 ms (571.9x), Avg.  54.5 us, Total. 31.33 ms (0.3%)
[Performance] UpdateAllMenus                                                                                                 :        1 samples, Peak.   525 us (1.0x), Avg.   525 us, Total. 525.1 us (0.0%)
[Performance] Menu.RebuildOSMainMenu                                                                                         :        2 samples, Peak.  9.94 ms (1.8x), Avg.  5.59 ms, Total. 11.17 ms (0.1%)
[Performance] EditorSceneManager.sceneClosing: UnityEditor.SceneVisibilityManager.EditorSceneManagerOnSceneClosing           :        4 samples, Peak.   241 us (3.8x), Avg.  62.9 us, Total. 251.7 us (0.0%)
[Performance] GUIView.RepaintAll.PlayerLoopController                                                                        :        3 samples, Peak.  1.60 us (1.3x), Avg.  1.20 us, Total. 3.600 us (0.0%)
[Performance] EditorSceneManager.newSceneCreated: UnityEditor.SceneTemplate.SceneTemplateService.OnNewSceneCreated           :        3 samples, Peak.   283 us (3.0x), Avg.  95.9 us, Total. 287.8 us (0.0%)
[Performance] EditorSceneManager.newSceneCreated: UnityEditor.SceneVisibilityManager.EditorSceneManagerOnNewSceneCreated     :        3 samples, Peak.   174 us (2.7x), Avg.  64.3 us, Total. 192.8 us (0.0%)
[Performance] EditorSceneManager.newSceneCreated: UnityEditor.SceneManagement.StageNavigationManager.OnNewSceneCreated       :        3 samples, Peak.  52.2 us (2.8x), Avg.  18.3 us, Total. 55.00 us (0.0%)
[Performance] Application.InvokeFinishedLoadingProject                                                                       :        1 samples, Peak.  4.94 ms (1.0x), Avg.  4.94 ms, Total. 4.936 ms (0.0%)
[Performance] ProcessService.OnProjectLoaded                                                                                 :        1 samples, Peak.  51.7 us (1.0x), Avg.  51.7 us, Total. 51.70 us (0.0%)
[Performance] SceneDataContainer.TransformHierarchyChangedSetParentCallback                                                  :      276 samples, Peak.  15.1 us (20.9x), Avg.   721 ns, Total. 199.0 us (0.0%)
[Performance] SceneVisibilityState.IsFlagSetInParents                                                                        :      735 samples, Peak.  2.40 us (9.8x), Avg.   245 ns, Total. 179.8 us (0.0%)
[Performance] PaletteAssetModificationProcessor.OnWillSaveAssets                                                             :        5 samples, Peak.   319 us (4.4x), Avg.  72.5 us, Total. 362.7 us (0.0%)
[Performance] BuilderAssetModificationProcessor.OnWillSaveAssets                                                             :        5 samples, Peak.   458 us (4.9x), Avg.  93.5 us, Total. 467.4 us (0.0%)
[Performance] TerrainModificationProcessor.OnWillSaveAssets                                                                  :        5 samples, Peak.   606 us (5.0x), Avg.   122 us, Total. 611.0 us (0.0%)
[Performance] PrefabUtility.prefabInstanceUpdated: UnityEditor.UI.PrefabLayoutRebuilder.OnPrefabInstanceUpdates              :        1 samples, Peak.   138 us (1.0x), Avg.   138 us, Total. 138.4 us (0.0%)
[Performance] EditorSceneManager.sceneSaving: UnityEditor.SceneTemplate.SceneTemplateService.OnSceneSaving                   :        2 samples, Peak.   241 us (1.9x), Avg.   124 us, Total. 247.8 us (0.0%)
[Performance] EditorSceneManager.sceneSaving: UnityEditor.SceneVisibilityManager.EditorSceneManagerOnSceneSaving             :        2 samples, Peak.   104 us (1.9x), Avg.  53.2 us, Total. 106.4 us (0.0%)
[Performance] PaletteAssetModificationProcessor.OnWillCreateAsset                                                            :        2 samples, Peak.  99.0 us (1.7x), Avg.  57.9 us, Total. 115.7 us (0.0%)
[Performance] BuilderAssetModificationProcessor.OnWillCreateAsset                                                            :        2 samples, Peak.   219 us (1.9x), Avg.   116 us, Total. 232.3 us (0.0%)
[Performance] AssetDatabase.ImportAsset                                                                                      :        2 samples, Peak.  21.9 ms (1.0x), Avg.  21.0 ms, Total. 42.06 ms (0.4%)
[Performance] EditorSceneManager.sceneSaved: UnityEditor.SceneTemplate.SceneTemplateService.OnSceneSaved                     :        2 samples, Peak.  12.2 ms (1.4x), Avg.  8.55 ms, Total. 17.10 ms (0.2%)
[Performance] EditorSceneManager.sceneSaved: UnityEditor.SceneVisibilityManager.EditorSceneManagerOnSceneSaved               :        2 samples, Peak.   120 us (1.8x), Avg.  65.9 us, Total. 131.8 us (0.0%)
[Performance] AssetDatabase.Refresh                                                                                          :        1 samples, Peak.  24.2 ms (1.0x), Avg.  24.2 ms, Total. 24.15 ms (0.2%)
[Performance] EditorSceneManager.sceneOpening: UnityEditor.SceneVisibilityManager.EditorSceneManagerOnSceneOpening           :        1 samples, Peak.   143 us (1.0x), Avg.   143 us, Total. 143.1 us (0.0%)
[Performance] Inspector.InitOrRebuild                                                                                        :        1 samples, Peak.   517 us (1.0x), Avg.   517 us, Total. 517.3 us (0.0%)
[Performance] EditorSceneManager.sceneOpened: UnityEditor.SceneTemplate.SceneTemplateService.OnSceneOpened                   :        1 samples, Peak.   185 us (1.0x), Avg.   185 us, Total. 184.9 us (0.0%)
[Performance] EditorSceneManager.sceneOpened: UnityEditor.SceneVisibilityManager.EditorSceneManagerOnSceneOpened             :        1 samples, Peak.  87.2 us (1.0x), Avg.  87.2 us, Total. 87.20 us (0.0%)
[Performance] EditorSceneManager.sceneOpened: UnityEditor.SceneManagement.StageNavigationManager.OnSceneOpened               :        1 samples, Peak.  40.4 us (1.0x), Avg.  40.4 us, Total. 40.40 us (0.0%)
[Performance] EditorApplication.quitting: UnityEditor.Tilemaps.SceneViewGridManager.EditorQuitting                           :        1 samples, Peak.  92.7 us (1.0x), Avg.  92.7 us, Total. 92.70 us (0.0%)
[Performance] EditorApplication.quitting: callback in UnityEditor.TextCore.Text.EditorEventCallbacks                         :        1 samples, Peak.  6.16 ms (1.0x), Avg.  6.16 ms, Total. 6.158 ms (0.1%)
[Performance] Application.Shutdown.PauseProfilerSession                                                                      :        1 samples, Peak.  67.8 us (1.0x), Avg.  67.8 us, Total. 67.80 us (0.0%)
[Performance] Application.Shutdown.PauseAssetImportWorkers                                                                   :        1 samples, Peak.   114 us (1.0x), Avg.   114 us, Total. 114.2 us (0.0%)
[Performance] Application.Shutdown.SaveAssets                                                                                :        1 samples, Peak.  4.01 ms (1.0x), Avg.  4.01 ms, Total. 4.010 ms (0.0%)
[Performance] Application.Shutdown.CleanupRenderPipeline                                                                     :        1 samples, Peak. 10.00 us (1.0x), Avg. 10.00 us, Total. 10.000 us (0.0%)
[Performance] Application.Shutdown.StopPreloadManager                                                                        :        1 samples, Peak.  10.0 ms (1.0x), Avg.  10.0 ms, Total. 10.02 ms (0.1%)
[Performance] Application.Shutdown.DestroyWorld                                                                              :        1 samples, Peak.   935 us (1.0x), Avg.   935 us, Total. 934.9 us (0.0%)
[Performance] Application.Shutdown.CleanupAfterLoad                                                                          :        1 samples, Peak.  2.72 ms (1.0x), Avg.  2.72 ms, Total. 2.720 ms (0.0%)
[Performance] Application.Shutdown.Progress                                                                                  :        1 samples, Peak.  7.30 us (1.0x), Avg.  7.30 us, Total. 7.300 us (0.0%)
[Performance] Application.Shutdown.GICleanupManagers                                                                         :        1 samples, Peak.   803 us (1.0x), Avg.   803 us, Total. 803.1 us (0.0%)
[Performance] Application.Shutdown.MenuCleanupClass                                                                          :        1 samples, Peak.   158 us (1.0x), Avg.   158 us, Total. 158.1 us (0.0%)
[Performance] Application.Shutdown.ADBSaveStateBeforeShutdown                                                                :        1 samples, Peak.  9.00 us (1.0x), Avg.  9.00 us, Total. 9.000 us (0.0%)
[Performance] Application.Shutdown.RemoteShutdown                                                                            :        1 samples, Peak.  1000 ns (1.0x), Avg.  1000 ns, Total. 1000.0 ns (0.0%)
[Performance] Application.Shutdown.CleanupVCProvider                                                                         :        1 samples, Peak.  8.10 us (1.0x), Avg.  8.10 us, Total. 8.100 us (0.0%)
[Performance] Application.Shutdown.InputShutdown                                                                             :        1 samples, Peak.  2.30 us (1.0x), Avg.  2.30 us, Total. 2.300 us (0.0%)
[Performance] Application.Shutdown.GizmoManagerDestroy                                                                       :        1 samples, Peak.   979 us (1.0x), Avg.   979 us, Total. 979.4 us (0.0%)
[Performance] Application.Shutdown.ProfilerSession                                                                           :        1 samples, Peak.   226 us (1.0x), Avg.   226 us, Total. 225.6 us (0.0%)
[Performance] Application.Shutdown.ReleaseGfxWindowOnAllGUIViews                                                             :        1 samples, Peak.   400 ns (1.0x), Avg.   400 ns, Total. 400.0 ns (0.0%)
[Performance] Application.Shutdown.CleanupEngine                                                                             :        1 samples, Peak.   120 ms (1.0x), Avg.   120 ms, Total. 120.0 ms (1.2%)
[Performance] Application.Shutdown.CleanupAssetDatabase                                                                      :        1 samples, Peak.  6.87 ms (1.0x), Avg.  6.87 ms, Total. 6.871 ms (0.1%)
[Performance] Application.Shutdown.ScriptCompilationCleanUp                                                                  :        1 samples, Peak.  29.6 ms (1.0x), Avg.  29.6 ms, Total. 29.57 ms (0.3%)
[Performance] Application.Shutdown.DestroyJobSystem                                                                          :        1 samples, Peak.   148 us (1.0x), Avg.   148 us, Total. 148.0 us (0.0%)
[Performance] Application.Shutdown.CleanupPersistentManager                                                                  :        1 samples, Peak.   629 us (1.0x), Avg.   629 us, Total. 628.8 us (0.0%)
[Performance] Application.Shutdown.CleanupAsyncReadManager                                                                   :        1 samples, Peak.   354 us (1.0x), Avg.   354 us, Total. 354.4 us (0.0%)
[Performance] Application.Shutdown.CleanupProgressBar                                                                        :        1 samples, Peak.   300 ns (1.0x), Avg.   300 ns, Total. 300.0 ns (0.0%)
[Performance] Application.Shutdown.CleanupMono                                                                               :        1 samples, Peak.  48.6 ms (1.0x), Avg.  48.6 ms, Total. 48.62 ms (0.5%)
[Performance] Application.Shutdown.CleanupStdConverters                                                                      :        1 samples, Peak.  7.10 us (1.0x), Avg.  7.10 us, Total. 7.100 us (0.0%)
[Performance] Application.Shutdown.UnloadAllPlatformSupportModuleNativeDlls                                                  :        1 samples, Peak.   900 ns (1.0x), Avg.   900 ns, Total. 900.0 ns (0.0%)
[Performance] Application.Shutdown.UnloadAllPlatformSupportNativeLibraries                                                   :        1 samples, Peak. 0.0 (-nan(ind)x), Avg. 0.0, Total. 0.0 (0.0%)
[Performance] Application.Shutdown.CleanupAutoDocumentation                                                                  :        1 samples, Peak.   305 us (1.0x), Avg.   305 us, Total. 305.1 us (0.0%)
[Performance] Application.Shutdown.ShaderNameManagerDestroy                                                                  :        1 samples, Peak.  53.3 us (1.0x), Avg.  53.3 us, Total. 53.30 us (0.0%)
[Performance] Application.Shutdown.CleanupCacheServer                                                                        :        1 samples, Peak. 0.0 (-nan(ind)x), Avg. 0.0, Total. 0.0 (0.0%)
[Performance] Application.Shutdown.Virtualization_Shutdown                                                                   :        1 samples, Peak.   500 ns (1.0x), Avg.   500 ns, Total. 500.0 ns (0.0%)
[Performance] Application.Shutdown.DevConnections                                                                            :        1 samples, Peak.   139 us (1.0x), Avg.   139 us, Total. 138.7 us (0.0%)
Exiting batchmode successfully now!
Exiting without the bug reporter. Application will terminate with return code 0