[Licensing::Module] Trying to connect to existing licensing client channel...
[Licensing::IpcConnector] Successfully connected to: "LicenseClient-lenovo" at "2026-06-29T14:08:43.0933626Z"
[Licensing::Client] Code 10 while verifying Licensing Client signature (process Id: 15484, path: "C:/Program Files/Unity/Hub/Editor/2022.3.62f3c1/Editor/Data/Resources/Licensing/Client/Unity.Licensing.Client.exe")
[Licensing::Module] LicensingClient has failed validation; ignoring
[Licensing::Client] Handshaking with LicensingClient:
  Version:                 1.16.2+bdef8f5
  Session Id:              ca3f7135edb943948d5a02bc03d37585
  Correlation Id:          682b833b2df5e5986113d32545f18129
  External correlation Id: 6123747405323615856
  Machine Id:              Rcmiz4rnf93su028pXkeG4q9tP0=
[Licensing::Module] Successfully connected to LicensingClient on channel: "LicenseClient-lenovo" (connect: 0.00s, validation: 0.02s, handshake: 0.04s)
[Licensing::IpcConnector] Successfully connected to: "LicenseClient-lenovo-notifications" at "2026-06-29T14:08:43.146046Z"
[Licensing::Module] Error: Access token is unavailable; failed to update
[Licensing::Client] Successfully updated license
Built from '2022.3/china_unity/release' branch; Version is '2022.3.62f3c1 (1623fc0bbb97) revision 1451004'; Using compiler version '192829333'; Build Type 'Release'
OS: 'Windows 11  (10.0.26200) 64bit CoreCountrySpecific' Language: 'zh' Physical Memory: 32373 MB
[Licensing::Client] Successfully resolved entitlement details
[Licensing::Module] Serial number assigned to: "F4-U56T-YP5D-5BFH-ABEA-XXXX"
BatchMode: 1, IsHumanControllingUs: 0, StartBugReporterOnCrash: 0, Is64bit: 1, IsPro: 0
[Licensing::Client] Successfully resolved entitlement details

COMMAND LINE ARGUMENTS:
C:\Program Files\Unity\Hub\Editor\2022.3.62f3c1\Editor\Unity.exe
-batchmode
-quit
-projectPath
C:\Users\lenovo\Desktop\tank trouble\unity_tank_trouble
-logFile
C:\Users\lenovo\Desktop\tank trouble\unity_tank_trouble\unity_compile.log
Successfully changed project path to: C:\Users\lenovo\Desktop\tank trouble\unity_tank_trouble
C:/Users/lenovo/Desktop/tank trouble/unity_tank_trouble
[UnityMemory] Configuration Parameters - Can be set up in boot.config
    "memorysetup-bucket-allocator-granularity=16"
    "memorysetup-bucket-allocator-bucket-count=8"
    "memorysetup-bucket-allocator-block-size=33554432"
    "memorysetup-bucket-allocator-block-count=8"
    "memorysetup-main-allocator-block-size=16777216"
    "memorysetup-thread-allocator-block-size=16777216"
    "memorysetup-gfx-main-allocator-block-size=16777216"
    "memorysetup-gfx-thread-allocator-block-size=16777216"
    "memorysetup-cache-allocator-block-size=4194304"
    "memorysetup-typetree-allocator-block-size=2097152"
    "memorysetup-profiler-bucket-allocator-granularity=16"
    "memorysetup-profiler-bucket-allocator-bucket-count=8"
    "memorysetup-profiler-bucket-allocator-block-size=33554432"
    "memorysetup-profiler-bucket-allocator-block-count=8"
    "memorysetup-profiler-allocator-block-size=16777216"
    "memorysetup-profiler-editor-allocator-block-size=1048576"
    "memorysetup-temp-allocator-size-main=16777216"
    "memorysetup-job-temp-allocator-block-size=2097152"
    "memorysetup-job-temp-allocator-block-size-background=1048576"
    "memorysetup-job-temp-allocator-reduction-small-platforms=262144"
    "memorysetup-allocator-temp-initial-block-size-main=262144"
    "memorysetup-allocator-temp-initial-block-size-worker=262144"
    "memorysetup-temp-allocator-size-background-worker=32768"
    "memorysetup-temp-allocator-size-job-worker=262144"
    "memorysetup-temp-allocator-size-preload-manager=33554432"
    "memorysetup-temp-allocator-size-nav-mesh-worker=65536"
    "memorysetup-temp-allocator-size-audio-worker=65536"
    "memorysetup-temp-allocator-size-cloud-worker=32768"
    "memorysetup-temp-allocator-size-gi-baking-worker=262144"
    "memorysetup-temp-allocator-size-gfx=262144"
Player connection [8640]  Target information:

Player connection [8640]  * "[IP] 192.168.1.5 [Port] 55504 [Flags] 2 [Guid] 1765062357 [EditorId] 1765062357 [Version] 1048832 [Id] WindowsEditor(7,LAPTOP-169U7B86) [Debug] 1 [PackageName] WindowsEditor [ProjectName] Editor" 

Player connection [8640] Host joined multi-casting on [225.0.0.222:54997]...
Player connection [8640] Host joined alternative multi-casting on [225.0.0.222:34997]...
Input System module state changed to: Initialized.
[PhysX] Initialized MultithreadedTaskDispatcher with 22 workers.
[Package Manager] UpmClient::Connect -- Connected to IPC stream "Upm-24320" after 0.3 seconds.
[Package Manager] Restoring resolved packages state from cache
[Licensing::Client] Successfully resolved entitlement details
[Package Manager] Registered 18 packages:
  Packages from [https://packages.unity.cn]:
    com.unity.inputsystem@1.14.0 (location: C:\Users\lenovo\Desktop\tank trouble\unity_tank_trouble\Library\PackageCache\com.unity.inputsystem@1.14.0)
    com.unity.test-framework@1.1.33 (location: C:\Users\lenovo\Desktop\tank trouble\unity_tank_trouble\Library\PackageCache\com.unity.test-framework@1.1.33)
    com.unity.textmeshpro@3.0.7 (location: C:\Users\lenovo\Desktop\tank trouble\unity_tank_trouble\Library\PackageCache\com.unity.textmeshpro@3.0.7)
    com.unity.timeline@1.7.7 (location: C:\Users\lenovo\Desktop\tank trouble\unity_tank_trouble\Library\PackageCache\com.unity.timeline@1.7.7)
    com.unity.ext.nunit@1.0.6 (location: C:\Users\lenovo\Desktop\tank trouble\unity_tank_trouble\Library\PackageCache\com.unity.ext.nunit@1.0.6)
  Built-in packages:
    com.unity.2d.sprite@1.0.0 (location: C:\Users\lenovo\Desktop\tank trouble\unity_tank_trouble\Library\PackageCache\com.unity.2d.sprite@1.0.0)
    com.unity.2d.tilemap@1.0.0 (location: C:\Users\lenovo\Desktop\tank trouble\unity_tank_trouble\Library\PackageCache\com.unity.2d.tilemap@1.0.0)
    com.unity.ugui@1.0.0 (location: C:\Users\lenovo\Desktop\tank trouble\unity_tank_trouble\Library\PackageCache\com.unity.ugui@1.0.0)
    com.unity.modules.ui@1.0.0 (location: C:\Users\lenovo\Desktop\tank trouble\unity_tank_trouble\Library\PackageCache\com.unity.modules.ui@1.0.0)
    com.unity.modules.imgui@1.0.0 (location: C:\Users\lenovo\Desktop\tank trouble\unity_tank_trouble\Library\PackageCache\com.unity.modules.imgui@1.0.0)
    com.unity.modules.audio@1.0.0 (location: C:\Users\lenovo\Desktop\tank trouble\unity_tank_trouble\Library\PackageCache\com.unity.modules.audio@1.0.0)
    com.unity.modules.director@1.0.0 (location: C:\Users\lenovo\Desktop\tank trouble\unity_tank_trouble\Library\PackageCache\com.unity.modules.director@1.0.0)
    com.unity.modules.animation@1.0.0 (location: C:\Users\lenovo\Desktop\tank trouble\unity_tank_trouble\Library\PackageCache\com.unity.modules.animation@1.0.0)
    com.unity.modules.particlesystem@1.0.0 (location: C:\Users\lenovo\Desktop\tank trouble\unity_tank_trouble\Library\PackageCache\com.unity.modules.particlesystem@1.0.0)
    com.unity.modules.jsonserialize@1.0.0 (location: C:\Users\lenovo\Desktop\tank trouble\unity_tank_trouble\Library\PackageCache\com.unity.modules.jsonserialize@1.0.0)
    com.unity.modules.uielements@1.0.0 (location: C:\Users\lenovo\Desktop\tank trouble\unity_tank_trouble\Library\PackageCache\com.unity.modules.uielements@1.0.0)
    com.unity.modules.tilemap@1.0.0 (location: C:\Users\lenovo\Desktop\tank trouble\unity_tank_trouble\Library\PackageCache\com.unity.modules.tilemap@1.0.0)
    com.unity.modules.physics2d@1.0.0 (location: C:\Users\lenovo\Desktop\tank trouble\unity_tank_trouble\Library\PackageCache\com.unity.modules.physics2d@1.0.0)
[Subsystems] No new subsystems found in resolved package list.
Package Manager log level set to [2]
[Package Manager] Done registering packages in 0.59 seconds
Refreshing native plugins compatible for Editor in 1.83 ms, found 0 plugins.
Preloading 0 native plugins for Editor in 0.00 ms.
Initialize engine version: 2022.3.62f3c1 (1623fc0bbb97)
[Subsystems] Discovering subsystems at path C:/Program Files/Unity/Hub/Editor/2022.3.62f3c1/Editor/Data/Resources/UnitySubsystems
[Subsystems] Discovering subsystems at path C:/Users/lenovo/Desktop/tank trouble/unity_tank_trouble/Assets
GfxDevice: creating device client; threaded=0; jobified=0
Direct3D:
    Version:  Direct3D 11.0 [level 11.1]
    Renderer: NVIDIA GeForce RTX 4060 Laptop GPU (ID=0x28e0)
    Vendor:   NVIDIA
    VRAM:     7957 MB
    Driver:   32.0.15.6626
[Licensing::Client] Successfully resolved entitlement details
Initialize mono
Mono path[0] = 'C:/Program Files/Unity/Hub/Editor/2022.3.62f3c1/Editor/Data/Managed'
Mono path[1] = 'C:/Program Files/Unity/Hub/Editor/2022.3.62f3c1/Editor/Data/MonoBleedingEdge/lib/mono/unityjit-win32'
Mono config path = 'C:/Program Files/Unity/Hub/Editor/2022.3.62f3c1/Editor/Data/MonoBleedingEdge/etc'
Using monoOptions --debugger-agent=transport=dt_socket,embedding=1,server=y,suspend=n,address=127.0.0.1:56320
Using cacheserver namespaces - metadata:defaultmetadata, artifacts:defaultartifacts
Using cacheserver namespaces - metadata:defaultmetadata, artifacts:defaultartifacts
ImportWorker Server TCP listen port: 0
Begin MonoManager ReloadAssembly
Registering precompiled unity dll's ...
Register platform support module: C:/Program Files/Unity/Hub/Editor/2022.3.62f3c1/Editor/Data/PlaybackEngines/WebGLSupport/UnityEditor.WebGL.Extensions.dll
Register platform support module: C:/Program Files/Unity/Hub/Editor/2022.3.62f3c1/Editor/Data/PlaybackEngines/WindowsStandaloneSupport/UnityEditor.WindowsStandalone.Extensions.dll
Registered in 0.032249 seconds.
- Loaded All Assemblies, in  0.412 seconds
Native extension for WindowsStandalone target not found
Native extension for WebGL target not found
Mono: successfully reloaded assembly
- Finished resetting the current domain, in  0.207 seconds
Domain Reload Profiling: 613ms
	BeginReloadAssembly (148ms)
		ExecutionOrderSort (0ms)
		DisableScriptedObjects (0ms)
		BackupInstance (0ms)
		ReleaseScriptingObjects (0ms)
		CreateAndSetChildDomain (1ms)
	RebuildCommonClasses (29ms)
	RebuildNativeTypeToScriptingClass (7ms)
	initialDomainReloadingComplete (101ms)
	LoadAllAssembliesAndSetupDomain (119ms)
		LoadAssemblies (145ms)
		RebuildTransferFunctionScriptingTraits (0ms)
		AnalyzeDomain (114ms)
			TypeCache.Refresh (113ms)
				TypeCache.ScanAssembly (101ms)
			ScanForSourceGeneratedMonoScriptInfo (0ms)
			ResolveRequiredComponents (0ms)
	FinalizeReload (207ms)
		ReleaseScriptCaches (0ms)
		RebuildScriptCaches (0ms)
		SetupLoadedEditorAssemblies (170ms)
			LogAssemblyErrors (0ms)
			InitializePlatformSupportModulesInManaged (18ms)
			SetLoadedEditorAssemblies (4ms)
			RefreshPlugins (0ms)
			BeforeProcessingInitializeOnLoad (2ms)
			ProcessInitializeOnLoadAttributes (109ms)
			ProcessInitializeOnLoadMethodAttributes (37ms)
			AfterProcessingInitializeOnLoad (0ms)
			EditorAssembliesLoaded (0ms)
		ExecutionOrderSort2 (0ms)
		AwakeInstancesAfterBackupRestoration (0ms)
[Licensing::Client] Successfully resolved entitlement details
Application.AssetDatabase Initial Refresh Start
[ScriptCompilation] Requested script compilation because: Assetdatabase observed changes in script compilation related files
info: Microsoft.Hosting.Lifetime[14]
      Now listening on: http://localhost:80
info: Microsoft.Hosting.Lifetime[0]
      Application started. Press Ctrl+C to shut down.
info: Microsoft.Hosting.Lifetime[0]
      Hosting environment: Production
info: Microsoft.Hosting.Lifetime[0]
      Content root path: C:\Users\lenovo\Desktop\tank trouble\unity_tank_trouble\
info: Microsoft.AspNetCore.Hosting.Diagnostics[1]
      Request starting HTTP/2 POST http://ilpp/UnityILPP.PostProcessing/Ping application/grpc -
info: Microsoft.AspNetCore.Routing.EndpointMiddleware[0]
      Executing endpoint 'gRPC - /UnityILPP.PostProcessing/Ping'
info: Microsoft.AspNetCore.Routing.EndpointMiddleware[1]
      Executed endpoint 'gRPC - /UnityILPP.PostProcessing/Ping'
info: Microsoft.AspNetCore.Hosting.Diagnostics[2]
      Request finished HTTP/2 POST http://ilpp/UnityILPP.PostProcessing/Ping application/grpc - - 200 - application/grpc 36.3317ms
Starting: C:\Program Files\Unity\Hub\Editor\2022.3.62f3c1\Editor\Data\bee_backend.exe --ipc --defer-dag-verification --dagfile="Library/Bee/1900b0aE.dag" --continue-on-failure --profile="Library/Bee/backend1.traceevents" ScriptAssemblies
WorkingDir: C:/Users/lenovo/Desktop/tank trouble/unity_tank_trouble
DisplayProgressbar: Compiling Scripts
ExitCode: 4 Duration: 1s294ms
Rebuilding DAG because FileSignature timestamp changed: Library/Bee/1900b0aE-inputdata.json
*** Tundra requires additional run (1.25 seconds), 1 items updated, 221 evaluated
Starting: C:\Program Files\Unity\Hub\Editor\2022.3.62f3c1\Editor\Data\Tools\netcorerun\netcorerun.exe "C:\Program Files\Unity\Hub\Editor\2022.3.62f3c1\Editor\Data\Tools\BuildPipeline\ScriptCompilationBuildProgram.exe" "Library/Bee/1900b0aE.dag.json" "Library/Bee/1900b0aE-inputdata.json" "Library\Bee\buildprogram0.traceevents"
WorkingDir: C:/Users/lenovo/Desktop/tank trouble/unity_tank_trouble
ExitCode: 0 Duration: 0s258ms
Starting: C:\Program Files\Unity\Hub\Editor\2022.3.62f3c1\Editor\Data\bee_backend.exe --ipc --defer-dag-verification --dagfile="Library/Bee/1900b0aE.dag" --continue-on-failure --dagfilejson="Library\Bee\1900b0aE.dag.json" --profile="Library/Bee/backend2.traceevents" ScriptAssemblies
WorkingDir: C:/Users/lenovo/Desktop/tank trouble/unity_tank_trouble
ExitCode: 0 Duration: 1s169ms
Finished compiling graph: 234 nodes, 2081 flattened edges (1893 ToBuild, 34 ToUse), maximum node priority 132
[157/231    0s] WriteText Library/Bee/artifacts/1900b0aE.dag/TankTrouble.rsp
[222/231    0s] Csc Library/Bee/artifacts/1900b0aE.dag/TankTrouble.dll (+2 others)
[223/231    0s] CopyFiles Library/ScriptAssemblies/TankTrouble.pdb
[224/231    0s] CopyFiles Library/ScriptAssemblies/TankTrouble.dll
[225/231    0s] Csc Library/Bee/artifacts/1900b0aE.dag/TankTrouble.Tests.dll (+2 others)
[226/231    0s] Csc Library/Bee/artifacts/1900b0aE.dag/TankTrouble.Editor.dll (+2 others)
Assets\Editor\BuildValidation.cs(48,17): warning CS0162: Unreachable code detected

Assets\Editor\BuildValidation.cs(50,17): warning CS0162: Unreachable code detected

Assets\Editor\BuildValidation.cs(52,17): warning CS0162: Unreachable code detected

Assets\Editor\BuildValidation.cs(54,17): warning CS0162: Unreachable code detected
[227/231    0s] CopyFiles Library/ScriptAssemblies/TankTrouble.Editor.pdb
[228/231    0s] CopyFiles Library/ScriptAssemblies/TankTrouble.Tests.pdb
[229/231    0s] CopyFiles Library/ScriptAssemblies/TankTrouble.Tests.dll
[230/231    0s] CopyFiles Library/ScriptAssemblies/TankTrouble.Editor.dll
*** Tundra build success (1.13 seconds), 10 items updated, 231 evaluated
Assets\Editor\BuildValidation.cs(48,17): warning CS0162: Unreachable code detected
Assets\Editor\BuildValidation.cs(50,17): warning CS0162: Unreachable code detected
Assets\Editor\BuildValidation.cs(52,17): warning CS0162: Unreachable code detected
Assets\Editor\BuildValidation.cs(54,17): warning CS0162: Unreachable code detected
AssetDatabase: script compilation time: 3.232357s
Begin MonoManager ReloadAssembly
Total cache size 68425300
Total cache size after purge 68425300
- Loaded All Assemblies, in  1.067 seconds
Refreshing native plugins compatible for Editor in 1.19 ms, found 0 plugins.
Preloading 0 native plugins for Editor in 0.00 ms.
Start importing Assets/Scripts/Tests/AIBehaviorTests.cs using Guid(f3178f2bd5ebd9c4282d2d12c8e73f21) Importer(-1,00000000000000000000000000000000) [PhysX] Initialized MultithreadedTaskDispatcher with 22 workers.
 -> (artifact id: 'dd6136e66aeabcdd35ae8da7f04168f7') in 0.009093 seconds
Start importing Assets/Scripts/AI/AICenterTaskFollower.cs using Guid(0998d997a86aa5142963232b1e2707f2) Importer(-1,00000000000000000000000000000000) [PhysX] Initialized MultithreadedTaskDispatcher with 22 workers.
 -> (artifact id: '6045fe0b5644153b495fb5f4b5e73ffc') in 0.013613 seconds
Start importing Assets/Scripts/AI/AIController.cs using Guid(4c1f57970c385bb439a948e3d3c25c21) Importer(-1,00000000000000000000000000000000) [PhysX] Initialized MultithreadedTaskDispatcher with 22 workers.
 -> (artifact id: '21c286c367b5467065a0dccd69c03aaa') in 0.003503 seconds
Refreshing native plugins compatible for Editor in 1.12 ms, found 0 plugins.
Native extension for WindowsStandalone target not found
Native extension for WebGL target not found
Mono: successfully reloaded assembly
- Finished resetting the current domain, in  0.337 seconds
Domain Reload Profiling: 1395ms
	BeginReloadAssembly (202ms)
		ExecutionOrderSort (0ms)
		DisableScriptedObjects (4ms)
		BackupInstance (0ms)
		ReleaseScriptingObjects (0ms)
		CreateAndSetChildDomain (23ms)
	RebuildCommonClasses (29ms)
	RebuildNativeTypeToScriptingClass (7ms)
	initialDomainReloadingComplete (39ms)
	LoadAllAssembliesAndSetupDomain (780ms)
		LoadAssemblies (871ms)
		RebuildTransferFunctionScriptingTraits (0ms)
		AnalyzeDomain (44ms)
			TypeCache.Refresh (33ms)
				TypeCache.ScanAssembly (29ms)
			ScanForSourceGeneratedMonoScriptInfo (8ms)
			ResolveRequiredComponents (2ms)
	FinalizeReload (338ms)
		ReleaseScriptCaches (0ms)
		RebuildScriptCaches (0ms)
		SetupLoadedEditorAssemblies (254ms)
			LogAssemblyErrors (0ms)
			InitializePlatformSupportModulesInManaged (16ms)
			SetLoadedEditorAssemblies (3ms)
			RefreshPlugins (0ms)
			BeforeProcessingInitializeOnLoad (42ms)
			ProcessInitializeOnLoadAttributes (147ms)
			ProcessInitializeOnLoadMethodAttributes (23ms)
			AfterProcessingInitializeOnLoad (22ms)
			EditorAssembliesLoaded (0ms)
		ExecutionOrderSort2 (0ms)
		AwakeInstancesAfterBackupRestoration (6ms)
Refreshing native plugins compatible for Editor in 1.15 ms, found 0 plugins.
Preloading 0 native plugins for Editor in 0.00 ms.
Asset Pipeline Refresh (id=809193be08af4e74fbe8ac564819aa68): Total: 6.143 seconds - Initiated by InitialRefreshV2(ForceSynchronousImport)
	Summary:
		Imports: total=3 (actual=3, local cache=0, cache server=0)
		Asset DB Process Time: managed=2 ms, native=1327 ms
		Asset DB Callback time: managed=39 ms, native=5 ms
		Scripting: domain reloads=1, domain reload time=1491 ms, compile time=3234 ms, other=42 ms
		Project Asset Count: scripts=1896, non-scripts=524
		Asset File Changes: new=1, changed=3, moved=0, deleted=0
		Scan Filter Count: 0
	InvokeBeforeRefreshCallbacks: 2.095ms
	ApplyChangesToAssetFolders: 0.022ms
	Scan: 274.826ms
	OnSourceAssetsModified: 1.697ms
	GetAllGuidsForCategorization: 0.249ms
	CategorizeAssets: 23.445ms
	ImportOutOfDateAssets: 388.791ms (-2890.327ms without children)
		ImportManagerImport: 35.055ms (7.915ms without children)
			ImportInProcess: 27.102ms
			UpdateCategorizedAssets: 0.038ms
		CompileScripts: 3234.347ms
		ReloadNativeAssets: 0.001ms
		UnloadImportedAssets: 6.891ms
		ReloadImportedAssets: 1.882ms
		EnsureUptoDateAssetsAreRegisteredWithGuidPM: 0.455ms
		InitializingProgressBar: 0.000ms
		PostProcessAllAssetNotificationsAddChangedAssets: 0.001ms
		OnDemandSchedulerStart: 0.487ms
	PostProcessAllAssets: 39.023ms
	Hotreload: 2.086ms
	GatherAllCurrentPrimaryArtifactRevisions: 0.000ms
	UnloadStreamsBegin: 0.220ms
	PersistCurrentRevisions: 0.183ms
	UnloadStreamsEnd: 0.015ms
	GenerateScriptTypeHashes: 0.796ms
	Untracked: 5410.034ms
Application.AssetDatabase Initial Refresh End
Launched and connected shader compiler UnityShaderCompiler.exe after 0.05 seconds
Scanning for USB devices : 2.167ms
Initializing Unity extensions:
[Licensing::Client] Successfully resolved entitlement details
[MODES] ModeService[none].Initialize
[MODES] ModeService[none].LoadModes
[MODES] Loading mode Default (0) for mode-current-id-unity_tank_trouble
[PhysX] Initialized MultithreadedTaskDispatcher with 22 workers.
ProgressiveSceneManager::Cancel()
Unloading 3 Unused Serialized files (Serialized files now loaded: 0)
Unloading 36 unused Assets / (470.9 KB). Loaded Objects now: 2089.
Memory consumption went from 100.1 MB to 99.6 MB.
Total: 2.685100 ms (FindLiveObjects: 0.102400 ms CreateObjectMapping: 0.022600 ms MarkObjects: 2.321100 ms  DeleteObjects: 0.238100 ms)

Batchmode quit successfully invoked - shutting down!
Curl error 42: Callback aborted
Curl error 42: Callback aborted
[PhysX] Initialized MultithreadedTaskDispatcher with 22 workers.
Input System module state changed to: ShutdownInProgress.
Input System polling thread exited.
Input System module state changed to: Shutdown.
[Licensing::IpcConnector] LicenseClient-lenovo-notifications channel disconnected successfully.
[Licensing::IpcConnector] LicenseClient-lenovo channel disconnected successfully.
Cleanup mono
abort_threads: Failed aborting id: 00000000000036A8, mono_thread_manage will ignore it

abort_threads: Failed aborting id: 0000000000006F7C, mono_thread_manage will ignore it

abort_threads: Failed aborting id: 00000000000036A8, mono_thread_manage will ignore it

abort_threads: Failed aborting id: 0000000000006F7C, mono_thread_manage will ignore it

debugger-agent: Unable to listen on 5648
[Performance] WinEditorMain                                                                                                  :        1 samples, Peak.   803 ms (1.0x), Avg.   803 ms, Total. 803.4 ms (8.0%)
[Performance] WinEditorMain.ConfigureCrashHandler                                                                            :        1 samples, Peak.  20.2 us (1.0x), Avg.  20.2 us, Total. 20.20 us (0.0%)
[Performance] WinEditorMain.CurlRequestInitialize                                                                            :        1 samples, Peak.   859 us (1.0x), Avg.   859 us, Total. 858.9 us (0.0%)
[Performance] WinEditorMain.SetupLogFile                                                                                     :        1 samples, Peak.  1.11 ms (1.0x), Avg.  1.11 ms, Total. 1.106 ms (0.0%)
[Performance] WinEditorMain.RunNativeTestsIfRequiredAndExit                                                                  :        1 samples, Peak.   100 ns (1.0x), Avg.   100 ns, Total. 100.0 ns (0.0%)
[Performance] WinEditorMain.Licensing                                                                                        :        1 samples, Peak.   780 ms (1.0x), Avg.   780 ms, Total. 779.5 ms (7.8%)
[Performance] WinEditorMain.InitializeCrashHandler                                                                           :        1 samples, Peak.  17.4 ms (1.0x), Avg.  17.4 ms, Total. 17.42 ms (0.2%)
[Performance] WinEditorMain.CreateApplication                                                                                :        1 samples, Peak.   159 us (1.0x), Avg.   159 us, Total. 159.1 us (0.0%)
[Performance] Application.InitializeProject                                                                                  :        1 samples, Peak.  8.92 s (1.0x), Avg.  8.92 s, Total. 8.919 s (89.0%)
[Performance] Application.PackageManager.StartServer                                                                         :        1 samples, Peak.  11.9 ms (1.0x), Avg.  11.9 ms, Total. 11.89 ms (0.1%)
[Performance] Application.AcquireProjectLock                                                                                 :        1 samples, Peak.  10.3 ms (1.0x), Avg.  10.3 ms, Total. 10.25 ms (0.1%)
[Performance] Application.InitializeEngineNoGraphics                                                                         :        1 samples, Peak.  48.3 ms (1.0x), Avg.  48.3 ms, Total. 48.27 ms (0.5%)
[Performance] Application.PackageManager.Initialize                                                                          :        1 samples, Peak.   320 ms (1.0x), Avg.   320 ms, Total. 320.2 ms (3.2%)
[Performance] Connecting to Package Manager                                                                                  :       33 samples, Peak.  75.2 us (21.9x), Avg.  3.44 us, Total. 113.5 us (0.0%)
[Performance] Application.EngineGraphics.Initialize                                                                          :        1 samples, Peak.   202 ms (1.0x), Avg.   202 ms, Total. 202.5 ms (2.0%)
[Performance] Application.GI.Initialize                                                                                      :        1 samples, Peak.  5.42 ms (1.0x), Avg.  5.42 ms, Total. 5.418 ms (0.1%)
[Performance] Application.LoadAllDefaultResourcesFromEditor                                                                  :        1 samples, Peak.  1.67 ms (1.0x), Avg.  1.67 ms, Total. 1.670 ms (0.0%)
[Performance] Application.LoadMonoAssemblies                                                                                 :        1 samples, Peak.   650 ms (1.0x), Avg.   650 ms, Total. 650.5 ms (6.5%)
[Performance] RestoreManagedReferences                                                                                       :        2 samples, Peak.  31.4 ms (2.0x), Avg.  15.7 ms, Total. 31.43 ms (0.3%)
[Performance] InitializeOnLoad DrivenRectTransformUndo                                                                       :        2 samples, Peak.   351 us (1.0x), Avg.   341 us, Total. 682.8 us (0.0%)
[Performance] InitializeOnLoad SceneSearch                                                                                   :        2 samples, Peak.   120 us (1.1x), Avg.   104 us, Total. 208.2 us (0.0%)
[Performance] InitializeOnLoad CloudBuild                                                                                    :        2 samples, Peak.  4.60 us (1.2x), Avg.  3.75 us, Total. 7.500 us (0.0%)
[Performance] InitializeOnLoad NativeFormatImporterUtility                                                                   :        2 samples, Peak.  2.38 ms (1.2x), Avg.  1.97 ms, Total. 3.936 ms (0.0%)
[Performance] InitializeOnLoad SearchService                                                                                 :        2 samples, Peak.   167 us (1.2x), Avg.   134 us, Total. 268.7 us (0.0%)
[Performance] InitializeOnLoad SettingsService                                                                               :        2 samples, Peak.  13.0 us (1.4x), Avg.  9.30 us, Total. 18.60 us (0.0%)
[Performance] InitializeOnLoad WindowLayout                                                                                  :        2 samples, Peak.   659 us (1.1x), Avg.   586 us, Total. 1.173 ms (0.0%)
[Performance] InitializeOnLoad AssetStoreContext                                                                             :        2 samples, Peak.  21.6 ms (1.1x), Avg.  19.9 ms, Total. 39.84 ms (0.4%)
[Performance] InitializeOnLoad PoolManager                                                                                   :        2 samples, Peak.   591 us (1.1x), Avg.   518 us, Total. 1.036 ms (0.0%)
[Performance] InitializeOnLoad MixerEffectDefinitionReloader                                                                 :        2 samples, Peak.  2.13 ms (1.3x), Avg.  1.67 ms, Total. 3.344 ms (0.0%)
[Performance] InitializeOnLoad ProjectSearch                                                                                 :        2 samples, Peak.   108 us (1.4x), Avg.  76.9 us, Total. 153.7 us (0.0%)
[Performance] InitializeOnLoad UISystemProfilerRenderService                                                                 :        2 samples, Peak.  8.40 us (1.1x), Avg.  7.65 us, Total. 15.30 us (0.0%)
[Performance] InitializeOnLoad EditMode                                                                                      :        2 samples, Peak.   348 us (1.1x), Avg.   312 us, Total. 623.6 us (0.0%)
[Performance] InitializeOnLoad UnityConnect                                                                                  :        2 samples, Peak.  41.1 us (1.1x), Avg.  38.4 us, Total. 76.80 us (0.0%)
[Performance] InitializeOnLoad ManagedDebugger                                                                               :        2 samples, Peak.   449 us (1.0x), Avg.   438 us, Total. 876.8 us (0.0%)
[Performance] InitializeOnLoad ShortcutIntegration                                                                           :        2 samples, Peak.  49.6 us (1.1x), Avg.  46.8 us, Total. 93.70 us (0.0%)
[Performance] InitializeOnLoad AddComponentWindow                                                                            :        2 samples, Peak.  85.5 us (1.0x), Avg.  83.5 us, Total. 166.9 us (0.0%)
[Performance] InitializeOnLoad ManagedDebuggerWindow                                                                         :        2 samples, Peak.  99.6 us (1.0x), Avg.  96.0 us, Total. 192.0 us (0.0%)
[Performance] InitializeOnLoad CacheServerWindow                                                                             :        2 samples, Peak.  8.70 us (1.3x), Avg.  6.85 us, Total. 13.70 us (0.0%)
[Performance] InitializeOnLoad PlayModeDownload                                                                              :        2 samples, Peak.  3.51 ms (1.9x), Avg.  1.83 ms, Total. 3.655 ms (0.0%)
[Performance] InitializeOnLoad MenuItems                                                                                     :        2 samples, Peak.  79.5 us (1.1x), Avg.  69.9 us, Total. 139.9 us (0.0%)
[Performance] InitializeOnLoad PrefabInstanceChangedListener                                                                 :        2 samples, Peak.   100 us (1.0x), Avg.  98.9 us, Total. 197.7 us (0.0%)
[Performance] InitializeOnLoad ObjectSelectorSearch                                                                          :        2 samples, Peak.  36.6 us (1.1x), Avg.  31.9 us, Total. 63.80 us (0.0%)
[Performance] InitializeOnLoad EditorMonitor                                                                                 :        2 samples, Peak.   515 us (1.2x), Avg.   421 us, Total. 842.8 us (0.0%)
[Performance] InitializeOnLoad RetainedMode                                                                                  :        2 samples, Peak.  1.79 ms (1.0x), Avg.  1.73 ms, Total. 3.455 ms (0.0%)
[Performance] InitializeOnLoad EditorShaderLoader                                                                            :        2 samples, Peak.   560 us (1.1x), Avg.   528 us, Total. 1.056 ms (0.0%)
[Performance] InitializeOnLoad EditorDelegateRegistration                                                                    :        2 samples, Peak.   417 us (1.1x), Avg.   366 us, Total. 731.0 us (0.0%)
[Performance] InitializeOnLoad UIDocumentHierarchyWatcher                                                                    :        2 samples, Peak.  60.6 us (1.1x), Avg.  57.3 us, Total. 114.6 us (0.0%)
[Performance] InitializeOnLoad LiveReloadTrackerCreator                                                                      :        2 samples, Peak.   149 us (1.2x), Avg.   124 us, Total. 247.2 us (0.0%)
[Performance] InitializeOnLoad UxmlObjectEditorFactories                                                                     :        2 samples, Peak.   420 us (1.2x), Avg.   361 us, Total. 721.3 us (0.0%)
[Performance] InitializeOnLoad UXMLEditorFactories                                                                           :        2 samples, Peak.  55.3 ms (1.1x), Avg.  49.1 ms, Total. 98.22 ms (1.0%)
[Performance] InitializeOnLoad PurchasingService                                                                             :        2 samples, Peak.  5.68 ms (1.0x), Avg.  5.56 ms, Total. 11.12 ms (0.1%)
[Performance] InitializeOnLoad CloudBuildPoller                                                                              :        2 samples, Peak.   103 us (1.0x), Avg.  98.3 us, Total. 196.6 us (0.0%)
[Performance] InitializeOnLoad EditorGameServicesAnalytics                                                                   :        2 samples, Peak.  2.32 ms (1.5x), Avg.  1.54 ms, Total. 3.077 ms (0.0%)
[Performance] InitializeOnLoad AnalyticsService                                                                              :        2 samples, Peak.   154 us (1.0x), Avg.   152 us, Total. 304.2 us (0.0%)
[Performance] InitializeOnLoad BuildService                                                                                  :        2 samples, Peak.   130 us (1.1x), Avg.   122 us, Total. 244.5 us (0.0%)
[Performance] InitializeOnLoad AdsService                                                                                    :        2 samples, Peak.   330 us (1.0x), Avg.   327 us, Total. 653.6 us (0.0%)
[Performance] InitializeOnLoad UDPService                                                                                    :        2 samples, Peak.   209 us (1.3x), Avg.   163 us, Total. 325.9 us (0.0%)
[Performance] InitializeOnLoad CrashService                                                                                  :        2 samples, Peak.   185 us (1.2x), Avg.   154 us, Total. 307.4 us (0.0%)
[Performance] InitializeOnLoad ServicesRepository                                                                            :        2 samples, Peak.  1.70 us (1.7x), Avg.  1.00 us, Total. 2.000 us (0.0%)
[Performance] InitializeOnLoad SearchWindow                                                                                  :        2 samples, Peak.   132 us (1.1x), Avg.   116 us, Total. 232.5 us (0.0%)
[Performance] InitializeOnLoad CustomIndexers                                                                                :        2 samples, Peak.  15.8 ms (1.1x), Avg.  13.9 ms, Total. 27.77 ms (0.3%)
[Performance] InitializeOnLoad SearchMonitor                                                                                 :        2 samples, Peak.   897 us (1.2x), Avg.   766 us, Total. 1.531 ms (0.0%)
[Performance] InitializeOnLoad ParameterControllerEditor                                                                     :        2 samples, Peak.  17.0 us (1.0x), Avg.  16.6 us, Total. 33.20 us (0.0%)
[Performance] InitializeOnLoad LayerSettingsWindow                                                                           :        2 samples, Peak.  22.5 us (1.8x), Avg.  12.7 us, Total. 25.40 us (0.0%)
[Performance] InitializeOnLoad PackageManagerHookGUIDConverter.RegisterPackagesEventHandler                                  :        2 samples, Peak.   809 us (1.8x), Avg.   451 us, Total. 902.6 us (0.0%)
[Performance] InitializeOnLoad EditorDragAndDrop.RegisterEditorClient                                                        :        2 samples, Peak.   177 us (1.1x), Avg.   168 us, Total. 335.3 us (0.0%)
[Performance] InitializeOnLoad EditorEventCallbacks.InitializeFontAssetResourceChangeCallBacks                               :        2 samples, Peak.   976 us (1.1x), Avg.   873 us, Total. 1.746 ms (0.0%)
[Performance] InitializeOnLoad SceneTemplateService.Init                                                                     :        2 samples, Peak.   952 us (1.0x), Avg.   913 us, Total. 1.825 ms (0.0%)
[Performance] InitializeOnLoad DiagnosticSwitchesConsoleMessage.Init                                                         :        2 samples, Peak.  6.68 ms (1.9x), Avg.  3.52 ms, Total. 7.049 ms (0.1%)
[Performance] InitializeOnLoad MemoryProfilerCompilationGuard.InjectCompileGuard                                             :        2 samples, Peak.   165 us (1.1x), Avg.   145 us, Total. 290.8 us (0.0%)
[Performance] InitializeOnLoad EditorWindow.Initialize                                                                       :        2 samples, Peak.   193 us (1.0x), Avg.   190 us, Total. 379.3 us (0.0%)
[Performance] InitializeOnLoad AssetPostprocessingInternal.RefreshCustomDependencies                                         :        2 samples, Peak.  2.54 ms (1.6x), Avg.  1.59 ms, Total. 3.170 ms (0.0%)
[Performance] InitializeOnLoad SysrootManager.Initialize                                                                     :        2 samples, Peak.  11.4 us (1.1x), Avg.  10.8 us, Total. 21.60 us (0.0%)
[Performance] InitializeOnLoad PackageManagerWindow.EditorInitializedInSafeMode                                              :        2 samples, Peak.  19.6 ms (2.0x), Avg.  9.84 ms, Total. 19.69 ms (0.2%)
[Performance] InitializeOnLoad ToolShortcutContext.Init                                                                      :        2 samples, Peak.   115 us (1.1x), Avg.   106 us, Total. 211.1 us (0.0%)
[Performance] InitializeOnLoad SceneVisibilityManager.Initialize                                                             :        2 samples, Peak.  4.10 ms (1.7x), Avg.  2.39 ms, Total. 4.786 ms (0.0%)
[Performance] InitializeOnLoad ScopedRegistryAddedPopup.SubscribeToRegistriesAdded                                           :        2 samples, Peak.  6.16 ms (2.0x), Avg.  3.12 ms, Total. 6.243 ms (0.1%)
[Performance] AssemblyReloadEvents.afterAssemblyReload: UnityEditor.SceneTemplate.SceneTemplateService.AfterAssemblyReload   :        2 samples, Peak.  3.47 ms (1.8x), Avg.  1.97 ms, Total. 3.938 ms (0.0%)
[Performance] ProcessService.EditorAfterLoadAllAssemblies                                                                    :        2 samples, Peak.   290 us (1.1x), Avg.   253 us, Total. 505.8 us (0.0%)
[Performance] Application.ReadLicenseInfo                                                                                    :        1 samples, Peak.  25.1 ms (1.0x), Avg.  25.1 ms, Total. 25.13 ms (0.3%)
[Performance] Application.InitialRefresh                                                                                     :        1 samples, Peak.  6.14 s (1.0x), Avg.  6.14 s, Total. 6.144 s (61.3%)
[Performance] BuilderAssetModificationProcessor.OnWillCreateAsset                                                            :        1 samples, Peak.   789 us (1.0x), Avg.   789 us, Total. 788.8 us (0.0%)
[Performance] ShaderImporter.SourceAssetModified                                                                             :        2 samples, Peak.   900 ns (1.4x), Avg.   650 ns, Total. 1.300 us (0.0%)
[Performance] ShaderIncludeImporter.SourceAssetModified                                                                      :        2 samples, Peak.   900 ns (1.1x), Avg.   800 ns, Total. 1.600 us (0.0%)
[Performance] Compiling Scripts                                                                                              :        1 samples, Peak.  3.23 s (1.0x), Avg.  3.23 s, Total. 3.232 s (32.2%)
[Performance] AssemblyReloadEvents.beforeAssemblyReload: UnityEditor.SceneTemplate.SceneTemplateService.BeforeAssemblyReload :        1 samples, Peak.   427 us (1.0x), Avg.   427 us, Total. 426.6 us (0.0%)
[Performance] PresetManagerPostProcessor.OnPreprocessAsset                                                                   :        3 samples, Peak.   879 us (2.5x), Avg.   353 us, Total. 1.060 ms (0.0%)
[Performance] CancelSplashScreenOnAssetChange.OnPreprocessAsset                                                              :        3 samples, Peak.   120 us (2.9x), Avg.  42.0 us, Total. 126.1 us (0.0%)
[Performance] InitializeOnLoad InputSystem                                                                                   :        1 samples, Peak.  33.8 ms (1.0x), Avg.  33.8 ms, Total. 33.76 ms (0.3%)
[Performance] InitializeOnLoad EnableUITKEditor                                                                              :        1 samples, Peak.  23.5 us (1.0x), Avg.  23.5 us, Total. 23.50 us (0.0%)
[Performance] InitializeOnLoad TouchSimulation                                                                               :        1 samples, Peak.   104 us (1.0x), Avg.   104 us, Total. 104.0 us (0.0%)
[Performance] InitializeOnLoad InputSystemUIInputModuleEditor                                                                :        1 samples, Peak.  86.8 us (1.0x), Avg.  86.8 us, Total. 86.80 us (0.0%)
[Performance] InitializeOnLoad OutOfBoxSetup                                                                                 :        1 samples, Peak.   111 us (1.0x), Avg.   111 us, Total. 110.8 us (0.0%)
[Performance] InitializeOnLoad PrefabLayoutRebuilder                                                                         :        1 samples, Peak.   185 us (1.0x), Avg.   185 us, Total. 184.9 us (0.0%)
[Performance] InitializeOnLoad SpriteEditorWindow                                                                            :        1 samples, Peak.   300 us (1.0x), Avg.   300 us, Total. 300.1 us (0.0%)
[Performance] InitializeOnLoad BackgroundWatcher                                                                             :        1 samples, Peak.   105 us (1.0x), Avg.   105 us, Total. 105.1 us (0.0%)
[Performance] InitializeOnLoad UnityTestProtocolStarter                                                                      :        1 samples, Peak.   285 us (1.0x), Avg.   285 us, Total. 284.8 us (0.0%)
[Performance] InitializeOnLoad TestStarter                                                                                   :        1 samples, Peak.   452 us (1.0x), Avg.   452 us, Total. 451.5 us (0.0%)
[Performance] InitializeOnLoad RerunCallbackInitializer                                                                      :        1 samples, Peak.  3.44 ms (1.0x), Avg.  3.44 ms, Total. 3.440 ms (0.0%)
[Performance] InitializeOnLoad TestJobDataHolder.ResumeRunningJobs                                                           :        1 samples, Peak.   870 us (1.0x), Avg.   870 us, Total. 869.5 us (0.0%)
[Performance] InitializeOnLoad AnalyticsReporter.RegisterCallbacks                                                           :        1 samples, Peak.   160 us (1.0x), Avg.   160 us, Total. 159.9 us (0.0%)
[Performance] InitializeOnLoad SceneViewGridManager.Initialize                                                               :        1 samples, Peak.  5.89 ms (1.0x), Avg.  5.89 ms, Total. 5.890 ms (0.1%)
[Performance] InitializeOnLoad TilemapPrefabStageHelper.Initialize                                                           :        1 samples, Peak.  1.37 ms (1.0x), Avg.  1.37 ms, Total. 1.372 ms (0.0%)
[Performance] InitializeOnLoad SceneViewOpenTilePaletteHelper.Initialize                                                     :        1 samples, Peak.   931 us (1.0x), Avg.   931 us, Total. 931.1 us (0.0%)
[Performance] InitializeOnLoad TileDragAndDropManager.Initialize                                                             :        1 samples, Peak.   844 us (1.0x), Avg.   844 us, Total. 844.2 us (0.0%)
[Performance] InitializeOnLoad InputSystemPackageControl.SubscribePackageManagerEvent                                        :        1 samples, Peak.   127 us (1.0x), Avg.   127 us, Total. 127.1 us (0.0%)
[Performance] InitializeOnLoad InputSystemPluginControl.CheckForExtension                                                    :        1 samples, Peak.  1.93 ms (1.0x), Avg.  1.93 ms, Total. 1.930 ms (0.0%)
[Performance] DidReloadScriptsTestRunnerWindow.CompilationCallback                                                           :        1 samples, Peak.   574 us (1.0x), Avg.   574 us, Total. 573.7 us (0.0%)
[Performance] DidReloadScriptsTestListCache.ScriptReloaded                                                                   :        1 samples, Peak.  1.44 ms (1.0x), Avg.  1.44 ms, Total. 1.440 ms (0.0%)
[Performance] DidReloadScriptsAdvancedDropdownWindow.OnScriptReload                                                          :        2 samples, Peak.   230 us (1.2x), Avg.   187 us, Total. 374.2 us (0.0%)
[Performance] AssetDatabase.ImportAssets                                                                                     :        3 samples, Peak.  1.30 us (2.2x), Avg.   600 ns, Total. 1.800 us (0.0%)
[Performance] VersionControl.Task.Wait                                                                                       :        1 samples, Peak.  6.70 us (1.0x), Avg.  6.70 us, Total. 6.700 us (0.0%)
[Performance] TMPro_TexturePostProcessor.OnPostprocessAllAssets                                                              :        2 samples, Peak.   466 us (1.1x), Avg.   406 us, Total. 812.8 us (0.0%)
[Performance] BuilderAssetPostprocessor.OnPostprocessAllAssets                                                               :        2 samples, Peak.  2.24 ms (1.0x), Avg.  2.24 ms, Total. 4.472 ms (0.0%)
[Performance] ArtifactBrowserPostProcessor.OnPostprocessAllAssets                                                            :        2 samples, Peak.   406 us (1.0x), Avg.   405 us, Total. 809.5 us (0.0%)
[Performance] AssetEvents.OnPostprocessAllAssets                                                                             :        4 samples, Peak.   193 us (1.6x), Avg.   120 us, Total. 481.9 us (0.0%)
[Performance] AudioMixerPostprocessor.OnPostprocessAllAssets                                                                 :        2 samples, Peak.   223 us (1.0x), Avg.   222 us, Total. 444.1 us (0.0%)
[Performance] StyleCatalogPostProcessor.OnPostprocessAllAssets                                                               :        2 samples, Peak.  16.0 ms (1.0x), Avg.  16.0 ms, Total. 31.95 ms (0.3%)
[Performance] BuildCatalog                                                                                                   :        1 samples, Peak.  15.1 ms (1.0x), Avg.  15.1 ms, Total. 15.11 ms (0.2%)
[Performance] ModelImporterPostProcessor.OnPostprocessAllAssets                                                              :        2 samples, Peak.   829 us (1.0x), Avg.   827 us, Total. 1.654 ms (0.0%)
[Performance] RetainedModeAssetPostprocessor.OnPostprocessAllAssets                                                          :        2 samples, Peak.  2.52 ms (1.0x), Avg.  2.52 ms, Total. 5.034 ms (0.1%)
[Performance] AssetChangedListener.OnPostprocessAllAssets                                                                    :        2 samples, Peak.  1.08 ms (1.0x), Avg.  1.08 ms, Total. 2.161 ms (0.0%)
[Performance] SpeedTreePostProcessor.OnPostprocessAllAssets                                                                  :        2 samples, Peak.   178 us (1.0x), Avg.   177 us, Total. 354.1 us (0.0%)
[Performance] TextAssetPostProcessor.OnPostprocessAllAssets                                                                  :        2 samples, Peak.   321 us (1.0x), Avg.   320 us, Total. 640.0 us (0.0%)
[Performance] AssetProcessor.OnPostprocessAllAssets                                                                          :        6 samples, Peak.   943 us (1.6x), Avg.   596 us, Total. 3.576 ms (0.0%)
[Performance] SpriteEditorTexturePostprocessor.OnPostprocessAllAssets                                                        :        2 samples, Peak.   222 us (1.0x), Avg.   220 us, Total. 440.7 us (0.0%)
[Performance] InputActionAssetPostprocessor.OnPostprocessAllAssets                                                           :        2 samples, Peak.   278 us (1.0x), Avg.   275 us, Total. 550.8 us (0.0%)
[Performance] InputActionJsonNameModifierAssetProcessor.OnPostprocessAllAssets                                               :        2 samples, Peak.  52.8 us (1.0x), Avg.  51.7 us, Total. 103.3 us (0.0%)
[Performance] ProjectSettingsPostprocessor.OnPostprocessAllAssets                                                            :        2 samples, Peak.   183 us (1.0x), Avg.   183 us, Total. 365.2 us (0.0%)
[Performance] SyncVS.PostprocessSyncProject                                                                                  :        1 samples, Peak.  1.24 ms (1.0x), Avg.  1.24 ms, Total. 1.238 ms (0.0%)
[Performance] EditorApplication.projectChanged: UnityEditor.Audio.MixerEffectDefinitionReloader.OnProjectChanged             :        1 samples, Peak.   267 us (1.0x), Avg.   267 us, Total. 266.7 us (0.0%)
[Performance] EditorApplication.projectChanged: UnityEngine.InputSystem.LowLevel.NativeInputRuntime.OnProjectChanged         :        1 samples, Peak.   143 us (1.0x), Avg.   143 us, Total. 142.5 us (0.0%)
[Performance] Application.ImportPackagesAndSetTemplateWhenCreatingProject                                                    :        1 samples, Peak.  11.1 ms (1.0x), Avg.  11.1 ms, Total. 11.07 ms (0.1%)
[Performance] Application.SyncCurrentColorSpace                                                                              :        1 samples, Peak.   115 ms (1.0x), Avg.   115 ms, Total. 115.4 ms (1.2%)
[Performance] Application.OnUsbDevicesChanged                                                                                :        1 samples, Peak.  2.23 ms (1.0x), Avg.  2.23 ms, Total. 2.232 ms (0.0%)
[Performance] Application.AssetInstanceCacheUpdate                                                                           :        1 samples, Peak.   100 ns (1.0x), Avg.   100 ns, Total. 100.0 ns (0.0%)
[Performance] Application.UnityExtensions.Initialize                                                                         :        1 samples, Peak.  1.43 ms (1.0x), Avg.  1.43 ms, Total. 1.430 ms (0.0%)
[Performance] CodeEditorProjectSync.SyncEditorProject                                                                        :        1 samples, Peak.   120 us (1.0x), Avg.   120 us, Total. 119.9 us (0.0%)
[Performance] Application.ExecuteStartups                                                                                    :        1 samples, Peak.   123 ms (1.0x), Avg.   123 ms, Total. 123.3 ms (1.2%)
[Performance] Menu.RegisterMenuInterface                                                                                     :       26 samples, Peak.   700 ns (5.2x), Avg.   135 ns, Total. 3.500 us (0.0%)
[Performance] Gizmo.RebuildRenderers                                                                                         :        1 samples, Peak.   122 ms (1.0x), Avg.   122 ms, Total. 122.0 ms (1.2%)
[Performance] Gizmo.AddGizmoRenderers                                                                                        :       37 samples, Peak.  1.39 ms (24.6x), Avg.  56.2 us, Total. 2.081 ms (0.0%)
[Performance] Application.editorInitializingProject                                                                          :        1 samples, Peak.   283 ms (1.0x), Avg.   283 ms, Total. 282.5 ms (2.8%)
[Performance] Application.InitializeMenu                                                                                     :        1 samples, Peak.  78.0 ms (1.0x), Avg.  78.0 ms, Total. 77.96 ms (0.8%)
[Performance] Menu.RebuildAll                                                                                                :        1 samples, Peak.  78.0 ms (1.0x), Avg.  78.0 ms, Total. 77.95 ms (0.8%)
[Performance] Menu.BuildRegisteredMenuInterfaces                                                                             :        1 samples, Peak.  76.4 ms (1.0x), Avg.  76.4 ms, Total. 76.39 ms (0.8%)
[Performance] Menu.FilterMenuItem                                                                                            :      575 samples, Peak.  27.7 ms (570.7x), Avg.  48.6 us, Total. 27.94 ms (0.3%)
[Performance] UpdateAllMenus                                                                                                 :        1 samples, Peak.   478 us (1.0x), Avg.   478 us, Total. 478.1 us (0.0%)
[Performance] Menu.RebuildOSMainMenu                                                                                         :        2 samples, Peak.  2.10 ms (1.4x), Avg.  1.50 ms, Total. 3.006 ms (0.0%)
[Performance] EditorSceneManager.sceneClosing: UnityEditor.SceneVisibilityManager.EditorSceneManagerOnSceneClosing           :        1 samples, Peak.   276 us (1.0x), Avg.   276 us, Total. 275.9 us (0.0%)
[Performance] GUIView.RepaintAll.PlayerLoopController                                                                        :        1 samples, Peak.  1.30 us (1.0x), Avg.  1.30 us, Total. 1.300 us (0.0%)
[Performance] EditorSceneManager.newSceneCreated: UnityEditor.SceneTemplate.SceneTemplateService.OnNewSceneCreated           :        1 samples, Peak.   263 us (1.0x), Avg.   263 us, Total. 263.5 us (0.0%)
[Performance] EditorSceneManager.newSceneCreated: UnityEditor.SceneVisibilityManager.EditorSceneManagerOnNewSceneCreated     :        1 samples, Peak.   199 us (1.0x), Avg.   199 us, Total. 199.1 us (0.0%)
[Performance] EditorSceneManager.newSceneCreated: UnityEditor.SceneManagement.StageNavigationManager.OnNewSceneCreated       :        1 samples, Peak.  54.3 us (1.0x), Avg.  54.3 us, Total. 54.30 us (0.0%)
[Performance] Application.InvokeFinishedLoadingProject                                                                       :        1 samples, Peak.  4.33 ms (1.0x), Avg.  4.33 ms, Total. 4.327 ms (0.0%)
[Performance] ProcessService.OnProjectLoaded                                                                                 :        1 samples, Peak.  40.3 us (1.0x), Avg.  40.3 us, Total. 40.30 us (0.0%)
[Performance] EditorApplication.quitting: UnityEditor.Tilemaps.SceneViewGridManager.EditorQuitting                           :        1 samples, Peak.  80.3 us (1.0x), Avg.  80.3 us, Total. 80.30 us (0.0%)
[Performance] EditorApplication.quitting: callback in UnityEditor.TextCore.Text.EditorEventCallbacks                         :        1 samples, Peak.  4.85 ms (1.0x), Avg.  4.85 ms, Total. 4.852 ms (0.0%)
[Performance] Application.Shutdown.PauseProfilerSession                                                                      :        1 samples, Peak.  33.9 us (1.0x), Avg.  33.9 us, Total. 33.90 us (0.0%)
[Performance] Application.Shutdown.PauseAssetImportWorkers                                                                   :        1 samples, Peak.   161 us (1.0x), Avg.   161 us, Total. 161.2 us (0.0%)
[Performance] Application.Shutdown.SaveAssets                                                                                :        1 samples, Peak.  12.1 ms (1.0x), Avg.  12.1 ms, Total. 12.14 ms (0.1%)
[Performance] PaletteAssetModificationProcessor.OnWillSaveAssets                                                             :        1 samples, Peak.   282 us (1.0x), Avg.   282 us, Total. 282.2 us (0.0%)
[Performance] BuilderAssetModificationProcessor.OnWillSaveAssets                                                             :        1 samples, Peak.   329 us (1.0x), Avg.   329 us, Total. 329.3 us (0.0%)
[Performance] TerrainModificationProcessor.OnWillSaveAssets                                                                  :        1 samples, Peak.   607 us (1.0x), Avg.   607 us, Total. 607.2 us (0.0%)
[Performance] Application.Shutdown.CleanupRenderPipeline                                                                     :        1 samples, Peak.  8.60 us (1.0x), Avg.  8.60 us, Total. 8.600 us (0.0%)
[Performance] Application.Shutdown.StopPreloadManager                                                                        :        1 samples, Peak.  9.68 ms (1.0x), Avg.  9.68 ms, Total. 9.677 ms (0.1%)
[Performance] Application.Shutdown.DestroyWorld                                                                              :        1 samples, Peak.   462 us (1.0x), Avg.   462 us, Total. 461.8 us (0.0%)
[Performance] Application.Shutdown.CleanupAfterLoad                                                                          :        1 samples, Peak.  1.75 ms (1.0x), Avg.  1.75 ms, Total. 1.755 ms (0.0%)
[Performance] Application.Shutdown.Progress                                                                                  :        1 samples, Peak.  4.80 us (1.0x), Avg.  4.80 us, Total. 4.800 us (0.0%)
[Performance] Application.Shutdown.GICleanupManagers                                                                         :        1 samples, Peak.   678 us (1.0x), Avg.   678 us, Total. 678.3 us (0.0%)
[Performance] Application.Shutdown.MenuCleanupClass                                                                          :        1 samples, Peak.   125 us (1.0x), Avg.   125 us, Total. 124.8 us (0.0%)
[Performance] Application.Shutdown.ADBSaveStateBeforeShutdown                                                                :        1 samples, Peak.  8.30 us (1.0x), Avg.  8.30 us, Total. 8.300 us (0.0%)
[Performance] Application.Shutdown.RemoteShutdown                                                                            :        1 samples, Peak.  1.20 us (1.0x), Avg.  1.20 us, Total. 1.200 us (0.0%)
[Performance] Application.Shutdown.CleanupVCProvider                                                                         :        1 samples, Peak.  8.90 us (1.0x), Avg.  8.90 us, Total. 8.900 us (0.0%)
[Performance] Application.Shutdown.InputShutdown                                                                             :        1 samples, Peak.   500 ns (1.0x), Avg.   500 ns, Total. 500.0 ns (0.0%)
[Performance] Application.Shutdown.GizmoManagerDestroy                                                                       :        1 samples, Peak.   784 us (1.0x), Avg.   784 us, Total. 784.2 us (0.0%)
[Performance] Application.Shutdown.ProfilerSession                                                                           :        1 samples, Peak.   198 us (1.0x), Avg.   198 us, Total. 197.6 us (0.0%)
[Performance] Application.Shutdown.ReleaseGfxWindowOnAllGUIViews                                                             :        1 samples, Peak.   300 ns (1.0x), Avg.   300 ns, Total. 300.0 ns (0.0%)
[Performance] Application.Shutdown.CleanupEngine                                                                             :        1 samples, Peak.  73.0 ms (1.0x), Avg.  73.0 ms, Total. 73.00 ms (0.7%)
[Performance] Application.Shutdown.CleanupAssetDatabase                                                                      :        1 samples, Peak.  5.80 ms (1.0x), Avg.  5.80 ms, Total. 5.795 ms (0.1%)
[Performance] Application.Shutdown.ScriptCompilationCleanUp                                                                  :        1 samples, Peak.  14.4 ms (1.0x), Avg.  14.4 ms, Total. 14.41 ms (0.1%)
[Performance] Application.Shutdown.DestroyJobSystem                                                                          :        1 samples, Peak.  98.5 us (1.0x), Avg.  98.5 us, Total. 98.50 us (0.0%)
[Performance] Application.Shutdown.CleanupPersistentManager                                                                  :        1 samples, Peak.   757 us (1.0x), Avg.   757 us, Total. 756.7 us (0.0%)
[Performance] Application.Shutdown.CleanupAsyncReadManager                                                                   :        1 samples, Peak.   339 us (1.0x), Avg.   339 us, Total. 339.3 us (0.0%)
[Performance] Application.Shutdown.CleanupProgressBar                                                                        :        1 samples, Peak.   300 ns (1.0x), Avg.   300 ns, Total. 300.0 ns (0.0%)
[Performance] Application.Shutdown.CleanupMono                                                                               :        1 samples, Peak.  38.1 ms (1.0x), Avg.  38.1 ms, Total. 38.06 ms (0.4%)
[Performance] Application.Shutdown.CleanupStdConverters                                                                      :        1 samples, Peak.  7.90 us (1.0x), Avg.  7.90 us, Total. 7.900 us (0.0%)
[Performance] Application.Shutdown.UnloadAllPlatformSupportModuleNativeDlls                                                  :        1 samples, Peak.   600 ns (1.0x), Avg.   600 ns, Total. 600.0 ns (0.0%)
[Performance] Application.Shutdown.UnloadAllPlatformSupportNativeLibraries                                                   :        1 samples, Peak.   100 ns (1.0x), Avg.   100 ns, Total. 100.0 ns (0.0%)
[Performance] Application.Shutdown.CleanupAutoDocumentation                                                                  :        1 samples, Peak.   267 us (1.0x), Avg.   267 us, Total. 266.7 us (0.0%)
[Performance] Application.Shutdown.ShaderNameManagerDestroy                                                                  :        1 samples, Peak.  50.0 us (1.0x), Avg.  50.0 us, Total. 50.00 us (0.0%)
[Performance] Application.Shutdown.CleanupCacheServer                                                                        :        1 samples, Peak. 0.0 (-nan(ind)x), Avg. 0.0, Total. 0.0 (0.0%)
[Performance] Application.Shutdown.Virtualization_Shutdown                                                                   :        1 samples, Peak.   400 ns (1.0x), Avg.   400 ns, Total. 400.0 ns (0.0%)
[Performance] Application.Shutdown.DevConnections                                                                            :        1 samples, Peak.   152 us (1.0x), Avg.   152 us, Total. 152.0 us (0.0%)
Exiting batchmode successfully now!
Exiting without the bug reporter. Application will terminate with return code 0